./schedule.sh: line 1: pipenv: command not found
./schedule.sh: line 1: pipenv: command not found
./schedule.sh: line 1: pipenv: command not found
./schedule.sh: line 1: pipenv: command not found
./schedule.sh: line 1: pipenv: command not found
./schedule.sh: line 1: pipenv: command not found
./schedule.sh: line 1: pipenv: command not found
./schedule.sh: line 1: pipenv: command not found
./schedule.sh: line 1: pipenv: command not found
./schedule.sh: line 1: pipenv: command not found
./schedule.sh: line 2: pipenv: command not found
./schedule.sh: line 2: pipenv: command not found
./schedule.sh: line 2: pipenv: command not found
./schedule.sh: line 2: pipenv: command not found
./schedule.sh: line 2: pipenv: command not found
./schedule.sh: line 2: pipenv: command not found
./schedule.sh: line 2: pipenv: command not found
./schedule.sh: line 2: pipenv: command not found
./schedule.sh: line 2: pipenv: command not found
./schedule.sh: line 2: pipenv: command not found
./schedule.sh: line 2: pipenv: command not found
./schedule.sh: line 2: pipenv: command not found
./schedule.sh: line 2: pipenv: command not found
./schedule.sh: line 2: pipenv: command not found
./schedule.sh: line 2: pipenv: command not found
2019-03-28 12:57:02 [scrapy.utils.log] INFO: Scrapy 1.6.0 started (bot: psx)
2019-03-28 12:57:02 [scrapy.utils.log] INFO: Versions: lxml 4.3.3.0, libxml2 2.9.9, cssselect 1.0.3, parsel 1.5.1, w3lib 1.20.0, Twisted 18.9.0, Python 3.7.0 (v3.7.0:1bf9cc5093, Jun 26 2018, 23:26:24) - [Clang 6.0 (clang-600.0.57)], pyOpenSSL 19.0.0 (OpenSSL 1.1.1b  26 Feb 2019), cryptography 2.6.1, Platform Darwin-18.2.0-x86_64-i386-64bit
2019-03-28 12:57:02 [scrapy.crawler] INFO: Overridden settings: {'BOT_NAME': 'psx', 'NEWSPIDER_MODULE': 'psx.spiders', 'ROBOTSTXT_OBEY': True, 'SPIDER_MODULES': ['psx.spiders']}
2019-03-28 12:57:02 [scrapy.extensions.telnet] INFO: Telnet Password: bd63410a43c7de4d
2019-03-28 12:57:02 [scrapy.middleware] INFO: Enabled extensions:
['scrapy.extensions.corestats.CoreStats',
 'scrapy.extensions.telnet.TelnetConsole',
 'scrapy.extensions.memusage.MemoryUsage',
 'scrapy.extensions.logstats.LogStats']
2019-03-28 12:57:02 [scrapy.middleware] INFO: Enabled downloader middlewares:
['scrapy.downloadermiddlewares.robotstxt.RobotsTxtMiddleware',
 'scrapy.downloadermiddlewares.httpauth.HttpAuthMiddleware',
 'scrapy.downloadermiddlewares.downloadtimeout.DownloadTimeoutMiddleware',
 'scrapy.downloadermiddlewares.defaultheaders.DefaultHeadersMiddleware',
 'scrapy.downloadermiddlewares.useragent.UserAgentMiddleware',
 'scrapy.downloadermiddlewares.retry.RetryMiddleware',
 'scrapy.downloadermiddlewares.redirect.MetaRefreshMiddleware',
 'scrapy.downloadermiddlewares.httpcompression.HttpCompressionMiddleware',
 'scrapy.downloadermiddlewares.redirect.RedirectMiddleware',
 'scrapy.downloadermiddlewares.cookies.CookiesMiddleware',
 'scrapy.downloadermiddlewares.httpproxy.HttpProxyMiddleware',
 'scrapy.downloadermiddlewares.stats.DownloaderStats']
2019-03-28 12:57:02 [scrapy.middleware] INFO: Enabled spider middlewares:
['scrapy.spidermiddlewares.httperror.HttpErrorMiddleware',
 'scrapy.spidermiddlewares.offsite.OffsiteMiddleware',
 'scrapy.spidermiddlewares.referer.RefererMiddleware',
 'scrapy.spidermiddlewares.urllength.UrlLengthMiddleware',
 'scrapy.spidermiddlewares.depth.DepthMiddleware']
2019-03-28 12:57:02 [scrapy.middleware] INFO: Enabled item pipelines:
[]
2019-03-28 12:57:02 [scrapy.core.engine] INFO: Spider opened
2019-03-28 12:57:02 [scrapy.extensions.logstats] INFO: Crawled 0 pages (at 0 pages/min), scraped 0 items (at 0 items/min)
2019-03-28 12:57:02 [scrapy.extensions.telnet] INFO: Telnet console listening on 127.0.0.1:6023
2019-03-28 12:57:04 [scrapy.core.engine] DEBUG: Crawled (404) <GET https://dps.psx.com.pk/robots.txt> (referer: None)
2019-03-28 12:57:06 [scrapy.core.engine] DEBUG: Crawled (200) <GET https://dps.psx.com.pk/company/HUBC> (referer: None)
2019-03-28 12:57:07 [scrapy.core.engine] DEBUG: Crawled (200) <GET https://dps.psx.com.pk/company/GATI> (referer: None)
2019-03-28 12:57:07 [scrapy.core.engine] DEBUG: Crawled (200) <GET https://dps.psx.com.pk/company/OGDC> (referer: None)
2019-03-28 12:57:07 [scrapy.core.engine] INFO: Closing spider (finished)
2019-03-28 12:57:07 [scrapy.statscollectors] INFO: Dumping Scrapy stats:
{'downloader/request_bytes': 898,
 'downloader/request_count': 4,
 'downloader/request_method_count/GET': 4,
 'downloader/response_bytes': 70720,
 'downloader/response_count': 4,
 'downloader/response_status_count/200': 3,
 'downloader/response_status_count/404': 1,
 'finish_reason': 'finished',
 'finish_time': datetime.datetime(2019, 3, 28, 7, 57, 7, 984649),
 'log_count/DEBUG': 4,
 'log_count/INFO': 9,
 'memusage/max': 57974784,
 'memusage/startup': 57974784,
 'response_received_count': 4,
 'robotstxt/request_count': 1,
 'robotstxt/response_count': 1,
 'robotstxt/response_status_count/404': 1,
 'scheduler/dequeued': 3,
 'scheduler/dequeued/memory': 3,
 'scheduler/enqueued': 3,
 'scheduler/enqueued/memory': 3,
 'start_time': datetime.datetime(2019, 3, 28, 7, 57, 2, 82738)}
2019-03-28 12:57:07 [scrapy.core.engine] INFO: Spider closed (finished)
2019-03-28 12:58:06 [scrapy.utils.log] INFO: Scrapy 1.6.0 started (bot: psx)
2019-03-28 12:58:06 [scrapy.utils.log] INFO: Versions: lxml 4.3.3.0, libxml2 2.9.9, cssselect 1.0.3, parsel 1.5.1, w3lib 1.20.0, Twisted 18.9.0, Python 3.7.0 (v3.7.0:1bf9cc5093, Jun 26 2018, 23:26:24) - [Clang 6.0 (clang-600.0.57)], pyOpenSSL 19.0.0 (OpenSSL 1.1.1b  26 Feb 2019), cryptography 2.6.1, Platform Darwin-18.2.0-x86_64-i386-64bit
2019-03-28 12:58:06 [scrapy.crawler] INFO: Overridden settings: {'BOT_NAME': 'psx', 'NEWSPIDER_MODULE': 'psx.spiders', 'ROBOTSTXT_OBEY': True, 'SPIDER_MODULES': ['psx.spiders']}
2019-03-28 12:58:06 [scrapy.extensions.telnet] INFO: Telnet Password: 11c57c1305cde78b
2019-03-28 12:58:06 [scrapy.middleware] INFO: Enabled extensions:
['scrapy.extensions.corestats.CoreStats',
 'scrapy.extensions.telnet.TelnetConsole',
 'scrapy.extensions.memusage.MemoryUsage',
 'scrapy.extensions.logstats.LogStats']
2019-03-28 12:58:06 [scrapy.middleware] INFO: Enabled downloader middlewares:
['scrapy.downloadermiddlewares.robotstxt.RobotsTxtMiddleware',
 'scrapy.downloadermiddlewares.httpauth.HttpAuthMiddleware',
 'scrapy.downloadermiddlewares.downloadtimeout.DownloadTimeoutMiddleware',
 'scrapy.downloadermiddlewares.defaultheaders.DefaultHeadersMiddleware',
 'scrapy.downloadermiddlewares.useragent.UserAgentMiddleware',
 'scrapy.downloadermiddlewares.retry.RetryMiddleware',
 'scrapy.downloadermiddlewares.redirect.MetaRefreshMiddleware',
 'scrapy.downloadermiddlewares.httpcompression.HttpCompressionMiddleware',
 'scrapy.downloadermiddlewares.redirect.RedirectMiddleware',
 'scrapy.downloadermiddlewares.cookies.CookiesMiddleware',
 'scrapy.downloadermiddlewares.httpproxy.HttpProxyMiddleware',
 'scrapy.downloadermiddlewares.stats.DownloaderStats']
2019-03-28 12:58:06 [scrapy.middleware] INFO: Enabled spider middlewares:
['scrapy.spidermiddlewares.httperror.HttpErrorMiddleware',
 'scrapy.spidermiddlewares.offsite.OffsiteMiddleware',
 'scrapy.spidermiddlewares.referer.RefererMiddleware',
 'scrapy.spidermiddlewares.urllength.UrlLengthMiddleware',
 'scrapy.spidermiddlewares.depth.DepthMiddleware']
2019-03-28 12:58:06 [scrapy.middleware] INFO: Enabled item pipelines:
[]
2019-03-28 12:58:06 [scrapy.core.engine] INFO: Spider opened
2019-03-28 12:58:06 [scrapy.extensions.logstats] INFO: Crawled 0 pages (at 0 pages/min), scraped 0 items (at 0 items/min)
2019-03-28 12:58:06 [scrapy.extensions.telnet] INFO: Telnet console listening on 127.0.0.1:6023
2019-03-28 12:58:08 [scrapy.core.engine] DEBUG: Crawled (404) <GET https://dps.psx.com.pk/robots.txt> (referer: None)
2019-03-28 12:58:09 [scrapy.core.engine] DEBUG: Crawled (200) <GET https://dps.psx.com.pk/company/HUBC> (referer: None)
2019-03-28 12:58:10 [scrapy.core.engine] DEBUG: Crawled (200) <GET https://dps.psx.com.pk/company/GATI> (referer: None)
2019-03-28 12:58:10 [scrapy.core.engine] DEBUG: Crawled (200) <GET https://dps.psx.com.pk/company/OGDC> (referer: None)
2019-03-28 12:58:10 [scrapy.core.engine] INFO: Closing spider (finished)
2019-03-28 12:58:10 [scrapy.statscollectors] INFO: Dumping Scrapy stats:
{'downloader/request_bytes': 898,
 'downloader/request_count': 4,
 'downloader/request_method_count/GET': 4,
 'downloader/response_bytes': 70564,
 'downloader/response_count': 4,
 'downloader/response_status_count/200': 3,
 'downloader/response_status_count/404': 1,
 'finish_reason': 'finished',
 'finish_time': datetime.datetime(2019, 3, 28, 7, 58, 10, 412580),
 'log_count/DEBUG': 4,
 'log_count/INFO': 9,
 'memusage/max': 57909248,
 'memusage/startup': 57909248,
 'response_received_count': 4,
 'robotstxt/request_count': 1,
 'robotstxt/response_count': 1,
 'robotstxt/response_status_count/404': 1,
 'scheduler/dequeued': 3,
 'scheduler/dequeued/memory': 3,
 'scheduler/enqueued': 3,
 'scheduler/enqueued/memory': 3,
 'start_time': datetime.datetime(2019, 3, 28, 7, 58, 6, 376692)}
2019-03-28 12:58:10 [scrapy.core.engine] INFO: Spider closed (finished)
2019-03-28 12:59:01 [scrapy.utils.log] INFO: Scrapy 1.6.0 started (bot: psx)
2019-03-28 12:59:01 [scrapy.utils.log] INFO: Versions: lxml 4.3.3.0, libxml2 2.9.9, cssselect 1.0.3, parsel 1.5.1, w3lib 1.20.0, Twisted 18.9.0, Python 3.7.0 (v3.7.0:1bf9cc5093, Jun 26 2018, 23:26:24) - [Clang 6.0 (clang-600.0.57)], pyOpenSSL 19.0.0 (OpenSSL 1.1.1b  26 Feb 2019), cryptography 2.6.1, Platform Darwin-18.2.0-x86_64-i386-64bit
2019-03-28 12:59:01 [scrapy.crawler] INFO: Overridden settings: {'BOT_NAME': 'psx', 'NEWSPIDER_MODULE': 'psx.spiders', 'ROBOTSTXT_OBEY': True, 'SPIDER_MODULES': ['psx.spiders']}
2019-03-28 12:59:01 [scrapy.extensions.telnet] INFO: Telnet Password: 2611d2d0e543d608
2019-03-28 12:59:01 [scrapy.middleware] INFO: Enabled extensions:
['scrapy.extensions.corestats.CoreStats',
 'scrapy.extensions.telnet.TelnetConsole',
 'scrapy.extensions.memusage.MemoryUsage',
 'scrapy.extensions.logstats.LogStats']
2019-03-28 12:59:01 [scrapy.middleware] INFO: Enabled downloader middlewares:
['scrapy.downloadermiddlewares.robotstxt.RobotsTxtMiddleware',
 'scrapy.downloadermiddlewares.httpauth.HttpAuthMiddleware',
 'scrapy.downloadermiddlewares.downloadtimeout.DownloadTimeoutMiddleware',
 'scrapy.downloadermiddlewares.defaultheaders.DefaultHeadersMiddleware',
 'scrapy.downloadermiddlewares.useragent.UserAgentMiddleware',
 'scrapy.downloadermiddlewares.retry.RetryMiddleware',
 'scrapy.downloadermiddlewares.redirect.MetaRefreshMiddleware',
 'scrapy.downloadermiddlewares.httpcompression.HttpCompressionMiddleware',
 'scrapy.downloadermiddlewares.redirect.RedirectMiddleware',
 'scrapy.downloadermiddlewares.cookies.CookiesMiddleware',
 'scrapy.downloadermiddlewares.httpproxy.HttpProxyMiddleware',
 'scrapy.downloadermiddlewares.stats.DownloaderStats']
2019-03-28 12:59:01 [scrapy.middleware] INFO: Enabled spider middlewares:
['scrapy.spidermiddlewares.httperror.HttpErrorMiddleware',
 'scrapy.spidermiddlewares.offsite.OffsiteMiddleware',
 'scrapy.spidermiddlewares.referer.RefererMiddleware',
 'scrapy.spidermiddlewares.urllength.UrlLengthMiddleware',
 'scrapy.spidermiddlewares.depth.DepthMiddleware']
2019-03-28 12:59:01 [scrapy.middleware] INFO: Enabled item pipelines:
[]
2019-03-28 12:59:01 [scrapy.core.engine] INFO: Spider opened
2019-03-28 12:59:01 [scrapy.extensions.logstats] INFO: Crawled 0 pages (at 0 pages/min), scraped 0 items (at 0 items/min)
2019-03-28 12:59:01 [scrapy.extensions.telnet] INFO: Telnet console listening on 127.0.0.1:6023
2019-03-28 12:59:03 [scrapy.core.engine] DEBUG: Crawled (404) <GET https://dps.psx.com.pk/robots.txt> (referer: None)
2019-03-28 12:59:04 [scrapy.core.engine] DEBUG: Crawled (200) <GET https://dps.psx.com.pk/company/HUBC> (referer: None)
2019-03-28 12:59:06 [scrapy.core.engine] DEBUG: Crawled (200) <GET https://dps.psx.com.pk/company/GATI> (referer: None)
2019-03-28 12:59:06 [scrapy.core.engine] DEBUG: Crawled (200) <GET https://dps.psx.com.pk/company/OGDC> (referer: None)
2019-03-28 12:59:06 [scrapy.core.engine] INFO: Closing spider (finished)
2019-03-28 12:59:06 [scrapy.statscollectors] INFO: Dumping Scrapy stats:
{'downloader/request_bytes': 898,
 'downloader/request_count': 4,
 'downloader/request_method_count/GET': 4,
 'downloader/response_bytes': 70746,
 'downloader/response_count': 4,
 'downloader/response_status_count/200': 3,
 'downloader/response_status_count/404': 1,
 'finish_reason': 'finished',
 'finish_time': datetime.datetime(2019, 3, 28, 7, 59, 6, 480410),
 'log_count/DEBUG': 4,
 'log_count/INFO': 9,
 'memusage/max': 58073088,
 'memusage/startup': 58073088,
 'response_received_count': 4,
 'robotstxt/request_count': 1,
 'robotstxt/response_count': 1,
 'robotstxt/response_status_count/404': 1,
 'scheduler/dequeued': 3,
 'scheduler/dequeued/memory': 3,
 'scheduler/enqueued': 3,
 'scheduler/enqueued/memory': 3,
 'start_time': datetime.datetime(2019, 3, 28, 7, 59, 1, 363900)}
2019-03-28 12:59:06 [scrapy.core.engine] INFO: Spider closed (finished)
2019-03-28 13:00:03 [scrapy.utils.log] INFO: Scrapy 1.6.0 started (bot: psx)
2019-03-28 13:00:03 [scrapy.utils.log] INFO: Versions: lxml 4.3.3.0, libxml2 2.9.9, cssselect 1.0.3, parsel 1.5.1, w3lib 1.20.0, Twisted 18.9.0, Python 3.7.0 (v3.7.0:1bf9cc5093, Jun 26 2018, 23:26:24) - [Clang 6.0 (clang-600.0.57)], pyOpenSSL 19.0.0 (OpenSSL 1.1.1b  26 Feb 2019), cryptography 2.6.1, Platform Darwin-18.2.0-x86_64-i386-64bit
2019-03-28 13:00:03 [scrapy.crawler] INFO: Overridden settings: {'BOT_NAME': 'psx', 'NEWSPIDER_MODULE': 'psx.spiders', 'ROBOTSTXT_OBEY': True, 'SPIDER_MODULES': ['psx.spiders']}
2019-03-28 13:00:03 [scrapy.extensions.telnet] INFO: Telnet Password: 1ad2da4f47a352ce
2019-03-28 13:00:03 [scrapy.middleware] INFO: Enabled extensions:
['scrapy.extensions.corestats.CoreStats',
 'scrapy.extensions.telnet.TelnetConsole',
 'scrapy.extensions.memusage.MemoryUsage',
 'scrapy.extensions.logstats.LogStats']
2019-03-28 13:00:03 [scrapy.middleware] INFO: Enabled downloader middlewares:
['scrapy.downloadermiddlewares.robotstxt.RobotsTxtMiddleware',
 'scrapy.downloadermiddlewares.httpauth.HttpAuthMiddleware',
 'scrapy.downloadermiddlewares.downloadtimeout.DownloadTimeoutMiddleware',
 'scrapy.downloadermiddlewares.defaultheaders.DefaultHeadersMiddleware',
 'scrapy.downloadermiddlewares.useragent.UserAgentMiddleware',
 'scrapy.downloadermiddlewares.retry.RetryMiddleware',
 'scrapy.downloadermiddlewares.redirect.MetaRefreshMiddleware',
 'scrapy.downloadermiddlewares.httpcompression.HttpCompressionMiddleware',
 'scrapy.downloadermiddlewares.redirect.RedirectMiddleware',
 'scrapy.downloadermiddlewares.cookies.CookiesMiddleware',
 'scrapy.downloadermiddlewares.httpproxy.HttpProxyMiddleware',
 'scrapy.downloadermiddlewares.stats.DownloaderStats']
2019-03-28 13:00:03 [scrapy.middleware] INFO: Enabled spider middlewares:
['scrapy.spidermiddlewares.httperror.HttpErrorMiddleware',
 'scrapy.spidermiddlewares.offsite.OffsiteMiddleware',
 'scrapy.spidermiddlewares.referer.RefererMiddleware',
 'scrapy.spidermiddlewares.urllength.UrlLengthMiddleware',
 'scrapy.spidermiddlewares.depth.DepthMiddleware']
2019-03-28 13:00:03 [scrapy.middleware] INFO: Enabled item pipelines:
[]
2019-03-28 13:00:03 [scrapy.core.engine] INFO: Spider opened
2019-03-28 13:00:03 [scrapy.extensions.logstats] INFO: Crawled 0 pages (at 0 pages/min), scraped 0 items (at 0 items/min)
2019-03-28 13:00:03 [scrapy.extensions.telnet] INFO: Telnet console listening on 127.0.0.1:6023
2019-03-28 13:00:05 [scrapy.core.engine] DEBUG: Crawled (404) <GET https://dps.psx.com.pk/robots.txt> (referer: None)
2019-03-28 13:00:07 [scrapy.core.engine] DEBUG: Crawled (200) <GET https://dps.psx.com.pk/company/HUBC> (referer: None)
2019-03-28 13:00:09 [scrapy.core.engine] DEBUG: Crawled (200) <GET https://dps.psx.com.pk/company/GATI> (referer: None)
2019-03-28 13:00:10 [scrapy.core.engine] DEBUG: Crawled (200) <GET https://dps.psx.com.pk/company/OGDC> (referer: None)
2019-03-28 13:00:10 [scrapy.core.engine] INFO: Closing spider (finished)
2019-03-28 13:00:10 [scrapy.statscollectors] INFO: Dumping Scrapy stats:
{'downloader/request_bytes': 898,
 'downloader/request_count': 4,
 'downloader/request_method_count/GET': 4,
 'downloader/response_bytes': 70771,
 'downloader/response_count': 4,
 'downloader/response_status_count/200': 3,
 'downloader/response_status_count/404': 1,
 'finish_reason': 'finished',
 'finish_time': datetime.datetime(2019, 3, 28, 8, 0, 10, 710372),
 'log_count/DEBUG': 4,
 'log_count/INFO': 9,
 'memusage/max': 58093568,
 'memusage/startup': 58093568,
 'response_received_count': 4,
 'robotstxt/request_count': 1,
 'robotstxt/response_count': 1,
 'robotstxt/response_status_count/404': 1,
 'scheduler/dequeued': 3,
 'scheduler/dequeued/memory': 3,
 'scheduler/enqueued': 3,
 'scheduler/enqueued/memory': 3,
 'start_time': datetime.datetime(2019, 3, 28, 8, 0, 3, 219909)}
2019-03-28 13:00:10 [scrapy.core.engine] INFO: Spider closed (finished)
2019-03-28 13:01:01 [scrapy.utils.log] INFO: Scrapy 1.6.0 started (bot: psx)
2019-03-28 13:01:01 [scrapy.utils.log] INFO: Versions: lxml 4.3.3.0, libxml2 2.9.9, cssselect 1.0.3, parsel 1.5.1, w3lib 1.20.0, Twisted 18.9.0, Python 3.7.0 (v3.7.0:1bf9cc5093, Jun 26 2018, 23:26:24) - [Clang 6.0 (clang-600.0.57)], pyOpenSSL 19.0.0 (OpenSSL 1.1.1b  26 Feb 2019), cryptography 2.6.1, Platform Darwin-18.2.0-x86_64-i386-64bit
2019-03-28 13:01:01 [scrapy.crawler] INFO: Overridden settings: {'BOT_NAME': 'psx', 'NEWSPIDER_MODULE': 'psx.spiders', 'ROBOTSTXT_OBEY': True, 'SPIDER_MODULES': ['psx.spiders']}
2019-03-28 13:01:01 [scrapy.extensions.telnet] INFO: Telnet Password: 970042e5dc7d3fcb
2019-03-28 13:01:01 [scrapy.middleware] INFO: Enabled extensions:
['scrapy.extensions.corestats.CoreStats',
 'scrapy.extensions.telnet.TelnetConsole',
 'scrapy.extensions.memusage.MemoryUsage',
 'scrapy.extensions.logstats.LogStats']
2019-03-28 13:01:01 [scrapy.middleware] INFO: Enabled downloader middlewares:
['scrapy.downloadermiddlewares.robotstxt.RobotsTxtMiddleware',
 'scrapy.downloadermiddlewares.httpauth.HttpAuthMiddleware',
 'scrapy.downloadermiddlewares.downloadtimeout.DownloadTimeoutMiddleware',
 'scrapy.downloadermiddlewares.defaultheaders.DefaultHeadersMiddleware',
 'scrapy.downloadermiddlewares.useragent.UserAgentMiddleware',
 'scrapy.downloadermiddlewares.retry.RetryMiddleware',
 'scrapy.downloadermiddlewares.redirect.MetaRefreshMiddleware',
 'scrapy.downloadermiddlewares.httpcompression.HttpCompressionMiddleware',
 'scrapy.downloadermiddlewares.redirect.RedirectMiddleware',
 'scrapy.downloadermiddlewares.cookies.CookiesMiddleware',
 'scrapy.downloadermiddlewares.httpproxy.HttpProxyMiddleware',
 'scrapy.downloadermiddlewares.stats.DownloaderStats']
2019-03-28 13:01:01 [scrapy.middleware] INFO: Enabled spider middlewares:
['scrapy.spidermiddlewares.httperror.HttpErrorMiddleware',
 'scrapy.spidermiddlewares.offsite.OffsiteMiddleware',
 'scrapy.spidermiddlewares.referer.RefererMiddleware',
 'scrapy.spidermiddlewares.urllength.UrlLengthMiddleware',
 'scrapy.spidermiddlewares.depth.DepthMiddleware']
2019-03-28 13:01:01 [scrapy.middleware] INFO: Enabled item pipelines:
[]
2019-03-28 13:01:01 [scrapy.core.engine] INFO: Spider opened
2019-03-28 13:01:01 [scrapy.extensions.logstats] INFO: Crawled 0 pages (at 0 pages/min), scraped 0 items (at 0 items/min)
2019-03-28 13:01:01 [scrapy.extensions.telnet] INFO: Telnet console listening on 127.0.0.1:6023
2019-03-28 13:01:03 [scrapy.core.engine] DEBUG: Crawled (404) <GET https://dps.psx.com.pk/robots.txt> (referer: None)
2019-03-28 13:01:05 [scrapy.core.engine] DEBUG: Crawled (200) <GET https://dps.psx.com.pk/company/HUBC> (referer: None)
2019-03-28 13:01:06 [scrapy.core.engine] DEBUG: Crawled (200) <GET https://dps.psx.com.pk/company/OGDC> (referer: None)
2019-03-28 13:01:06 [scrapy.core.engine] DEBUG: Crawled (200) <GET https://dps.psx.com.pk/company/GATI> (referer: None)
2019-03-28 13:01:06 [scrapy.core.engine] INFO: Closing spider (finished)
2019-03-28 13:01:06 [scrapy.statscollectors] INFO: Dumping Scrapy stats:
{'downloader/request_bytes': 898,
 'downloader/request_count': 4,
 'downloader/request_method_count/GET': 4,
 'downloader/response_bytes': 70700,
 'downloader/response_count': 4,
 'downloader/response_status_count/200': 3,
 'downloader/response_status_count/404': 1,
 'finish_reason': 'finished',
 'finish_time': datetime.datetime(2019, 3, 28, 8, 1, 6, 415352),
 'log_count/DEBUG': 4,
 'log_count/INFO': 9,
 'memusage/max': 58011648,
 'memusage/startup': 58011648,
 'response_received_count': 4,
 'robotstxt/request_count': 1,
 'robotstxt/response_count': 1,
 'robotstxt/response_status_count/404': 1,
 'scheduler/dequeued': 3,
 'scheduler/dequeued/memory': 3,
 'scheduler/enqueued': 3,
 'scheduler/enqueued/memory': 3,
 'start_time': datetime.datetime(2019, 3, 28, 8, 1, 1, 812343)}
2019-03-28 13:01:06 [scrapy.core.engine] INFO: Spider closed (finished)
2019-03-28 13:02:02 [scrapy.utils.log] INFO: Scrapy 1.6.0 started (bot: psx)
2019-03-28 13:02:02 [scrapy.utils.log] INFO: Versions: lxml 4.3.3.0, libxml2 2.9.9, cssselect 1.0.3, parsel 1.5.1, w3lib 1.20.0, Twisted 18.9.0, Python 3.7.0 (v3.7.0:1bf9cc5093, Jun 26 2018, 23:26:24) - [Clang 6.0 (clang-600.0.57)], pyOpenSSL 19.0.0 (OpenSSL 1.1.1b  26 Feb 2019), cryptography 2.6.1, Platform Darwin-18.2.0-x86_64-i386-64bit
2019-03-28 13:02:02 [scrapy.crawler] INFO: Overridden settings: {'BOT_NAME': 'psx', 'NEWSPIDER_MODULE': 'psx.spiders', 'ROBOTSTXT_OBEY': True, 'SPIDER_MODULES': ['psx.spiders']}
2019-03-28 13:02:02 [scrapy.extensions.telnet] INFO: Telnet Password: 18767a202ce6d4f0
2019-03-28 13:02:02 [scrapy.middleware] INFO: Enabled extensions:
['scrapy.extensions.corestats.CoreStats',
 'scrapy.extensions.telnet.TelnetConsole',
 'scrapy.extensions.memusage.MemoryUsage',
 'scrapy.extensions.logstats.LogStats']
2019-03-28 13:02:02 [scrapy.middleware] INFO: Enabled downloader middlewares:
['scrapy.downloadermiddlewares.robotstxt.RobotsTxtMiddleware',
 'scrapy.downloadermiddlewares.httpauth.HttpAuthMiddleware',
 'scrapy.downloadermiddlewares.downloadtimeout.DownloadTimeoutMiddleware',
 'scrapy.downloadermiddlewares.defaultheaders.DefaultHeadersMiddleware',
 'scrapy.downloadermiddlewares.useragent.UserAgentMiddleware',
 'scrapy.downloadermiddlewares.retry.RetryMiddleware',
 'scrapy.downloadermiddlewares.redirect.MetaRefreshMiddleware',
 'scrapy.downloadermiddlewares.httpcompression.HttpCompressionMiddleware',
 'scrapy.downloadermiddlewares.redirect.RedirectMiddleware',
 'scrapy.downloadermiddlewares.cookies.CookiesMiddleware',
 'scrapy.downloadermiddlewares.httpproxy.HttpProxyMiddleware',
 'scrapy.downloadermiddlewares.stats.DownloaderStats']
2019-03-28 13:02:02 [scrapy.middleware] INFO: Enabled spider middlewares:
['scrapy.spidermiddlewares.httperror.HttpErrorMiddleware',
 'scrapy.spidermiddlewares.offsite.OffsiteMiddleware',
 'scrapy.spidermiddlewares.referer.RefererMiddleware',
 'scrapy.spidermiddlewares.urllength.UrlLengthMiddleware',
 'scrapy.spidermiddlewares.depth.DepthMiddleware']
2019-03-28 13:02:02 [scrapy.middleware] INFO: Enabled item pipelines:
[]
2019-03-28 13:02:02 [scrapy.core.engine] INFO: Spider opened
2019-03-28 13:02:02 [scrapy.extensions.logstats] INFO: Crawled 0 pages (at 0 pages/min), scraped 0 items (at 0 items/min)
2019-03-28 13:02:02 [scrapy.extensions.telnet] INFO: Telnet console listening on 127.0.0.1:6023
2019-03-28 13:02:05 [scrapy.core.engine] DEBUG: Crawled (404) <GET https://dps.psx.com.pk/robots.txt> (referer: None)
2019-03-28 13:02:06 [scrapy.core.engine] DEBUG: Crawled (200) <GET https://dps.psx.com.pk/company/HUBC> (referer: None)
2019-03-28 13:02:07 [scrapy.core.engine] DEBUG: Crawled (200) <GET https://dps.psx.com.pk/company/OGDC> (referer: None)
2019-03-28 13:02:07 [scrapy.core.engine] DEBUG: Crawled (200) <GET https://dps.psx.com.pk/company/GATI> (referer: None)
2019-03-28 13:02:07 [scrapy.core.engine] INFO: Closing spider (finished)
2019-03-28 13:02:07 [scrapy.statscollectors] INFO: Dumping Scrapy stats:
{'downloader/request_bytes': 898,
 'downloader/request_count': 4,
 'downloader/request_method_count/GET': 4,
 'downloader/response_bytes': 70514,
 'downloader/response_count': 4,
 'downloader/response_status_count/200': 3,
 'downloader/response_status_count/404': 1,
 'finish_reason': 'finished',
 'finish_time': datetime.datetime(2019, 3, 28, 8, 2, 7, 443443),
 'log_count/DEBUG': 4,
 'log_count/INFO': 9,
 'memusage/max': 58200064,
 'memusage/startup': 58200064,
 'response_received_count': 4,
 'robotstxt/request_count': 1,
 'robotstxt/response_count': 1,
 'robotstxt/response_status_count/404': 1,
 'scheduler/dequeued': 3,
 'scheduler/dequeued/memory': 3,
 'scheduler/enqueued': 3,
 'scheduler/enqueued/memory': 3,
 'start_time': datetime.datetime(2019, 3, 28, 8, 2, 2, 610330)}
2019-03-28 13:02:07 [scrapy.core.engine] INFO: Spider closed (finished)
2019-03-28 13:03:06 [scrapy.utils.log] INFO: Scrapy 1.6.0 started (bot: psx)
2019-03-28 13:03:06 [scrapy.utils.log] INFO: Versions: lxml 4.3.3.0, libxml2 2.9.9, cssselect 1.0.3, parsel 1.5.1, w3lib 1.20.0, Twisted 18.9.0, Python 3.7.0 (v3.7.0:1bf9cc5093, Jun 26 2018, 23:26:24) - [Clang 6.0 (clang-600.0.57)], pyOpenSSL 19.0.0 (OpenSSL 1.1.1b  26 Feb 2019), cryptography 2.6.1, Platform Darwin-18.2.0-x86_64-i386-64bit
2019-03-28 13:03:06 [scrapy.crawler] INFO: Overridden settings: {'BOT_NAME': 'psx', 'NEWSPIDER_MODULE': 'psx.spiders', 'ROBOTSTXT_OBEY': True, 'SPIDER_MODULES': ['psx.spiders']}
2019-03-28 13:03:06 [scrapy.extensions.telnet] INFO: Telnet Password: 30ed253e5ada5e59
2019-03-28 13:03:06 [scrapy.middleware] INFO: Enabled extensions:
['scrapy.extensions.corestats.CoreStats',
 'scrapy.extensions.telnet.TelnetConsole',
 'scrapy.extensions.memusage.MemoryUsage',
 'scrapy.extensions.logstats.LogStats']
2019-03-28 13:03:06 [scrapy.middleware] INFO: Enabled downloader middlewares:
['scrapy.downloadermiddlewares.robotstxt.RobotsTxtMiddleware',
 'scrapy.downloadermiddlewares.httpauth.HttpAuthMiddleware',
 'scrapy.downloadermiddlewares.downloadtimeout.DownloadTimeoutMiddleware',
 'scrapy.downloadermiddlewares.defaultheaders.DefaultHeadersMiddleware',
 'scrapy.downloadermiddlewares.useragent.UserAgentMiddleware',
 'scrapy.downloadermiddlewares.retry.RetryMiddleware',
 'scrapy.downloadermiddlewares.redirect.MetaRefreshMiddleware',
 'scrapy.downloadermiddlewares.httpcompression.HttpCompressionMiddleware',
 'scrapy.downloadermiddlewares.redirect.RedirectMiddleware',
 'scrapy.downloadermiddlewares.cookies.CookiesMiddleware',
 'scrapy.downloadermiddlewares.httpproxy.HttpProxyMiddleware',
 'scrapy.downloadermiddlewares.stats.DownloaderStats']
2019-03-28 13:03:06 [scrapy.middleware] INFO: Enabled spider middlewares:
['scrapy.spidermiddlewares.httperror.HttpErrorMiddleware',
 'scrapy.spidermiddlewares.offsite.OffsiteMiddleware',
 'scrapy.spidermiddlewares.referer.RefererMiddleware',
 'scrapy.spidermiddlewares.urllength.UrlLengthMiddleware',
 'scrapy.spidermiddlewares.depth.DepthMiddleware']
2019-03-28 13:03:06 [scrapy.middleware] INFO: Enabled item pipelines:
[]
2019-03-28 13:03:06 [scrapy.core.engine] INFO: Spider opened
2019-03-28 13:03:06 [scrapy.extensions.logstats] INFO: Crawled 0 pages (at 0 pages/min), scraped 0 items (at 0 items/min)
2019-03-28 13:03:06 [scrapy.extensions.telnet] INFO: Telnet console listening on 127.0.0.1:6023
2019-03-28 13:03:08 [scrapy.core.engine] DEBUG: Crawled (404) <GET https://dps.psx.com.pk/robots.txt> (referer: None)
2019-03-28 13:03:10 [scrapy.core.engine] DEBUG: Crawled (200) <GET https://dps.psx.com.pk/company/HUBC> (referer: None)
2019-03-28 13:03:11 [scrapy.core.engine] DEBUG: Crawled (200) <GET https://dps.psx.com.pk/company/GATI> (referer: None)
2019-03-28 13:03:11 [scrapy.core.engine] DEBUG: Crawled (200) <GET https://dps.psx.com.pk/company/OGDC> (referer: None)
2019-03-28 13:03:11 [scrapy.core.engine] INFO: Closing spider (finished)
2019-03-28 13:03:11 [scrapy.statscollectors] INFO: Dumping Scrapy stats:
{'downloader/request_bytes': 898,
 'downloader/request_count': 4,
 'downloader/request_method_count/GET': 4,
 'downloader/response_bytes': 70510,
 'downloader/response_count': 4,
 'downloader/response_status_count/200': 3,
 'downloader/response_status_count/404': 1,
 'finish_reason': 'finished',
 'finish_time': datetime.datetime(2019, 3, 28, 8, 3, 11, 908303),
 'log_count/DEBUG': 4,
 'log_count/INFO': 9,
 'memusage/max': 57925632,
 'memusage/startup': 57925632,
 'response_received_count': 4,
 'robotstxt/request_count': 1,
 'robotstxt/response_count': 1,
 'robotstxt/response_status_count/404': 1,
 'scheduler/dequeued': 3,
 'scheduler/dequeued/memory': 3,
 'scheduler/enqueued': 3,
 'scheduler/enqueued/memory': 3,
 'start_time': datetime.datetime(2019, 3, 28, 8, 3, 6, 500333)}
2019-03-28 13:03:11 [scrapy.core.engine] INFO: Spider closed (finished)
2019-03-28 13:04:05 [scrapy.utils.log] INFO: Scrapy 1.6.0 started (bot: psx)
2019-03-28 13:04:05 [scrapy.utils.log] INFO: Versions: lxml 4.3.3.0, libxml2 2.9.9, cssselect 1.0.3, parsel 1.5.1, w3lib 1.20.0, Twisted 18.9.0, Python 3.7.0 (v3.7.0:1bf9cc5093, Jun 26 2018, 23:26:24) - [Clang 6.0 (clang-600.0.57)], pyOpenSSL 19.0.0 (OpenSSL 1.1.1b  26 Feb 2019), cryptography 2.6.1, Platform Darwin-18.2.0-x86_64-i386-64bit
2019-03-28 13:04:05 [scrapy.crawler] INFO: Overridden settings: {'BOT_NAME': 'psx', 'NEWSPIDER_MODULE': 'psx.spiders', 'ROBOTSTXT_OBEY': True, 'SPIDER_MODULES': ['psx.spiders']}
2019-03-28 13:04:05 [scrapy.extensions.telnet] INFO: Telnet Password: fe12b94636a43b1d
2019-03-28 13:04:05 [scrapy.middleware] INFO: Enabled extensions:
['scrapy.extensions.corestats.CoreStats',
 'scrapy.extensions.telnet.TelnetConsole',
 'scrapy.extensions.memusage.MemoryUsage',
 'scrapy.extensions.logstats.LogStats']
2019-03-28 13:04:05 [scrapy.middleware] INFO: Enabled downloader middlewares:
['scrapy.downloadermiddlewares.robotstxt.RobotsTxtMiddleware',
 'scrapy.downloadermiddlewares.httpauth.HttpAuthMiddleware',
 'scrapy.downloadermiddlewares.downloadtimeout.DownloadTimeoutMiddleware',
 'scrapy.downloadermiddlewares.defaultheaders.DefaultHeadersMiddleware',
 'scrapy.downloadermiddlewares.useragent.UserAgentMiddleware',
 'scrapy.downloadermiddlewares.retry.RetryMiddleware',
 'scrapy.downloadermiddlewares.redirect.MetaRefreshMiddleware',
 'scrapy.downloadermiddlewares.httpcompression.HttpCompressionMiddleware',
 'scrapy.downloadermiddlewares.redirect.RedirectMiddleware',
 'scrapy.downloadermiddlewares.cookies.CookiesMiddleware',
 'scrapy.downloadermiddlewares.httpproxy.HttpProxyMiddleware',
 'scrapy.downloadermiddlewares.stats.DownloaderStats']
2019-03-28 13:04:05 [scrapy.middleware] INFO: Enabled spider middlewares:
['scrapy.spidermiddlewares.httperror.HttpErrorMiddleware',
 'scrapy.spidermiddlewares.offsite.OffsiteMiddleware',
 'scrapy.spidermiddlewares.referer.RefererMiddleware',
 'scrapy.spidermiddlewares.urllength.UrlLengthMiddleware',
 'scrapy.spidermiddlewares.depth.DepthMiddleware']
2019-03-28 13:04:05 [scrapy.middleware] INFO: Enabled item pipelines:
[]
2019-03-28 13:04:05 [scrapy.core.engine] INFO: Spider opened
2019-03-28 13:04:05 [scrapy.extensions.logstats] INFO: Crawled 0 pages (at 0 pages/min), scraped 0 items (at 0 items/min)
2019-03-28 13:04:05 [scrapy.extensions.telnet] INFO: Telnet console listening on 127.0.0.1:6023
2019-03-28 13:04:08 [scrapy.core.engine] DEBUG: Crawled (404) <GET https://dps.psx.com.pk/robots.txt> (referer: None)
2019-03-28 13:04:09 [scrapy.core.engine] DEBUG: Crawled (200) <GET https://dps.psx.com.pk/company/HUBC> (referer: None)
2019-03-28 13:04:10 [scrapy.core.engine] DEBUG: Crawled (200) <GET https://dps.psx.com.pk/company/GATI> (referer: None)
2019-03-28 13:04:10 [scrapy.core.engine] DEBUG: Crawled (200) <GET https://dps.psx.com.pk/company/OGDC> (referer: None)
2019-03-28 13:04:10 [scrapy.core.engine] INFO: Closing spider (finished)
2019-03-28 13:04:10 [scrapy.statscollectors] INFO: Dumping Scrapy stats:
{'downloader/request_bytes': 898,
 'downloader/request_count': 4,
 'downloader/request_method_count/GET': 4,
 'downloader/response_bytes': 70682,
 'downloader/response_count': 4,
 'downloader/response_status_count/200': 3,
 'downloader/response_status_count/404': 1,
 'finish_reason': 'finished',
 'finish_time': datetime.datetime(2019, 3, 28, 8, 4, 10, 302549),
 'log_count/DEBUG': 4,
 'log_count/INFO': 9,
 'memusage/max': 58081280,
 'memusage/startup': 58081280,
 'response_received_count': 4,
 'robotstxt/request_count': 1,
 'robotstxt/response_count': 1,
 'robotstxt/response_status_count/404': 1,
 'scheduler/dequeued': 3,
 'scheduler/dequeued/memory': 3,
 'scheduler/enqueued': 3,
 'scheduler/enqueued/memory': 3,
 'start_time': datetime.datetime(2019, 3, 28, 8, 4, 5, 857812)}
2019-03-28 13:04:10 [scrapy.core.engine] INFO: Spider closed (finished)
2019-03-28 13:05:02 [scrapy.utils.log] INFO: Scrapy 1.6.0 started (bot: psx)
2019-03-28 13:05:02 [scrapy.utils.log] INFO: Versions: lxml 4.3.3.0, libxml2 2.9.9, cssselect 1.0.3, parsel 1.5.1, w3lib 1.20.0, Twisted 18.9.0, Python 3.7.0 (v3.7.0:1bf9cc5093, Jun 26 2018, 23:26:24) - [Clang 6.0 (clang-600.0.57)], pyOpenSSL 19.0.0 (OpenSSL 1.1.1b  26 Feb 2019), cryptography 2.6.1, Platform Darwin-18.2.0-x86_64-i386-64bit
2019-03-28 13:05:02 [scrapy.crawler] INFO: Overridden settings: {'BOT_NAME': 'psx', 'NEWSPIDER_MODULE': 'psx.spiders', 'ROBOTSTXT_OBEY': True, 'SPIDER_MODULES': ['psx.spiders']}
2019-03-28 13:05:02 [scrapy.extensions.telnet] INFO: Telnet Password: 8af35118d44e5c55
2019-03-28 13:05:02 [scrapy.middleware] INFO: Enabled extensions:
['scrapy.extensions.corestats.CoreStats',
 'scrapy.extensions.telnet.TelnetConsole',
 'scrapy.extensions.memusage.MemoryUsage',
 'scrapy.extensions.logstats.LogStats']
2019-03-28 13:05:03 [scrapy.middleware] INFO: Enabled downloader middlewares:
['scrapy.downloadermiddlewares.robotstxt.RobotsTxtMiddleware',
 'scrapy.downloadermiddlewares.httpauth.HttpAuthMiddleware',
 'scrapy.downloadermiddlewares.downloadtimeout.DownloadTimeoutMiddleware',
 'scrapy.downloadermiddlewares.defaultheaders.DefaultHeadersMiddleware',
 'scrapy.downloadermiddlewares.useragent.UserAgentMiddleware',
 'scrapy.downloadermiddlewares.retry.RetryMiddleware',
 'scrapy.downloadermiddlewares.redirect.MetaRefreshMiddleware',
 'scrapy.downloadermiddlewares.httpcompression.HttpCompressionMiddleware',
 'scrapy.downloadermiddlewares.redirect.RedirectMiddleware',
 'scrapy.downloadermiddlewares.cookies.CookiesMiddleware',
 'scrapy.downloadermiddlewares.httpproxy.HttpProxyMiddleware',
 'scrapy.downloadermiddlewares.stats.DownloaderStats']
2019-03-28 13:05:03 [scrapy.middleware] INFO: Enabled spider middlewares:
['scrapy.spidermiddlewares.httperror.HttpErrorMiddleware',
 'scrapy.spidermiddlewares.offsite.OffsiteMiddleware',
 'scrapy.spidermiddlewares.referer.RefererMiddleware',
 'scrapy.spidermiddlewares.urllength.UrlLengthMiddleware',
 'scrapy.spidermiddlewares.depth.DepthMiddleware']
2019-03-28 13:05:03 [scrapy.middleware] INFO: Enabled item pipelines:
[]
2019-03-28 13:05:03 [scrapy.core.engine] INFO: Spider opened
2019-03-28 13:05:03 [scrapy.extensions.logstats] INFO: Crawled 0 pages (at 0 pages/min), scraped 0 items (at 0 items/min)
2019-03-28 13:05:03 [scrapy.extensions.telnet] INFO: Telnet console listening on 127.0.0.1:6023
2019-03-28 13:05:05 [scrapy.core.engine] DEBUG: Crawled (404) <GET https://dps.psx.com.pk/robots.txt> (referer: None)
2019-03-28 13:05:07 [scrapy.core.engine] DEBUG: Crawled (200) <GET https://dps.psx.com.pk/company/HUBC> (referer: None)
2019-03-28 13:05:08 [scrapy.core.engine] DEBUG: Crawled (200) <GET https://dps.psx.com.pk/company/OGDC> (referer: None)
2019-03-28 13:05:08 [scrapy.core.engine] DEBUG: Crawled (200) <GET https://dps.psx.com.pk/company/GATI> (referer: None)
2019-03-28 13:05:09 [scrapy.core.engine] INFO: Closing spider (finished)
2019-03-28 13:05:09 [scrapy.statscollectors] INFO: Dumping Scrapy stats:
{'downloader/request_bytes': 898,
 'downloader/request_count': 4,
 'downloader/request_method_count/GET': 4,
 'downloader/response_bytes': 70806,
 'downloader/response_count': 4,
 'downloader/response_status_count/200': 3,
 'downloader/response_status_count/404': 1,
 'finish_reason': 'finished',
 'finish_time': datetime.datetime(2019, 3, 28, 8, 5, 9, 42999),
 'log_count/DEBUG': 4,
 'log_count/INFO': 9,
 'memusage/max': 58073088,
 'memusage/startup': 58073088,
 'response_received_count': 4,
 'robotstxt/request_count': 1,
 'robotstxt/response_count': 1,
 'robotstxt/response_status_count/404': 1,
 'scheduler/dequeued': 3,
 'scheduler/dequeued/memory': 3,
 'scheduler/enqueued': 3,
 'scheduler/enqueued/memory': 3,
 'start_time': datetime.datetime(2019, 3, 28, 8, 5, 3, 69937)}
2019-03-28 13:05:09 [scrapy.core.engine] INFO: Spider closed (finished)
2019-03-28 13:06:01 [scrapy.utils.log] INFO: Scrapy 1.6.0 started (bot: psx)
2019-03-28 13:06:01 [scrapy.utils.log] INFO: Versions: lxml 4.3.3.0, libxml2 2.9.9, cssselect 1.0.3, parsel 1.5.1, w3lib 1.20.0, Twisted 18.9.0, Python 3.7.0 (v3.7.0:1bf9cc5093, Jun 26 2018, 23:26:24) - [Clang 6.0 (clang-600.0.57)], pyOpenSSL 19.0.0 (OpenSSL 1.1.1b  26 Feb 2019), cryptography 2.6.1, Platform Darwin-18.2.0-x86_64-i386-64bit
2019-03-28 13:06:01 [scrapy.crawler] INFO: Overridden settings: {'BOT_NAME': 'psx', 'NEWSPIDER_MODULE': 'psx.spiders', 'ROBOTSTXT_OBEY': True, 'SPIDER_MODULES': ['psx.spiders']}
2019-03-28 13:06:01 [scrapy.extensions.telnet] INFO: Telnet Password: c2db77e124341469
2019-03-28 13:06:01 [scrapy.middleware] INFO: Enabled extensions:
['scrapy.extensions.corestats.CoreStats',
 'scrapy.extensions.telnet.TelnetConsole',
 'scrapy.extensions.memusage.MemoryUsage',
 'scrapy.extensions.logstats.LogStats']
2019-03-28 13:06:01 [scrapy.middleware] INFO: Enabled downloader middlewares:
['scrapy.downloadermiddlewares.robotstxt.RobotsTxtMiddleware',
 'scrapy.downloadermiddlewares.httpauth.HttpAuthMiddleware',
 'scrapy.downloadermiddlewares.downloadtimeout.DownloadTimeoutMiddleware',
 'scrapy.downloadermiddlewares.defaultheaders.DefaultHeadersMiddleware',
 'scrapy.downloadermiddlewares.useragent.UserAgentMiddleware',
 'scrapy.downloadermiddlewares.retry.RetryMiddleware',
 'scrapy.downloadermiddlewares.redirect.MetaRefreshMiddleware',
 'scrapy.downloadermiddlewares.httpcompression.HttpCompressionMiddleware',
 'scrapy.downloadermiddlewares.redirect.RedirectMiddleware',
 'scrapy.downloadermiddlewares.cookies.CookiesMiddleware',
 'scrapy.downloadermiddlewares.httpproxy.HttpProxyMiddleware',
 'scrapy.downloadermiddlewares.stats.DownloaderStats']
2019-03-28 13:06:01 [scrapy.middleware] INFO: Enabled spider middlewares:
['scrapy.spidermiddlewares.httperror.HttpErrorMiddleware',
 'scrapy.spidermiddlewares.offsite.OffsiteMiddleware',
 'scrapy.spidermiddlewares.referer.RefererMiddleware',
 'scrapy.spidermiddlewares.urllength.UrlLengthMiddleware',
 'scrapy.spidermiddlewares.depth.DepthMiddleware']
2019-03-28 13:06:01 [scrapy.middleware] INFO: Enabled item pipelines:
[]
2019-03-28 13:06:01 [scrapy.core.engine] INFO: Spider opened
2019-03-28 13:06:01 [scrapy.extensions.logstats] INFO: Crawled 0 pages (at 0 pages/min), scraped 0 items (at 0 items/min)
2019-03-28 13:06:01 [scrapy.extensions.telnet] INFO: Telnet console listening on 127.0.0.1:6023
2019-03-28 13:06:03 [scrapy.core.engine] DEBUG: Crawled (404) <GET https://dps.psx.com.pk/robots.txt> (referer: None)
2019-03-28 13:06:05 [scrapy.core.engine] DEBUG: Crawled (200) <GET https://dps.psx.com.pk/company/HUBC> (referer: None)
2019-03-28 13:06:06 [scrapy.core.engine] DEBUG: Crawled (200) <GET https://dps.psx.com.pk/company/OGDC> (referer: None)
2019-03-28 13:06:06 [scrapy.core.engine] DEBUG: Crawled (200) <GET https://dps.psx.com.pk/company/GATI> (referer: None)
2019-03-28 13:06:06 [scrapy.core.engine] INFO: Closing spider (finished)
2019-03-28 13:06:06 [scrapy.statscollectors] INFO: Dumping Scrapy stats:
{'downloader/request_bytes': 898,
 'downloader/request_count': 4,
 'downloader/request_method_count/GET': 4,
 'downloader/response_bytes': 70633,
 'downloader/response_count': 4,
 'downloader/response_status_count/200': 3,
 'downloader/response_status_count/404': 1,
 'finish_reason': 'finished',
 'finish_time': datetime.datetime(2019, 3, 28, 8, 6, 6, 761617),
 'log_count/DEBUG': 4,
 'log_count/INFO': 9,
 'memusage/max': 58134528,
 'memusage/startup': 58134528,
 'response_received_count': 4,
 'robotstxt/request_count': 1,
 'robotstxt/response_count': 1,
 'robotstxt/response_status_count/404': 1,
 'scheduler/dequeued': 3,
 'scheduler/dequeued/memory': 3,
 'scheduler/enqueued': 3,
 'scheduler/enqueued/memory': 3,
 'start_time': datetime.datetime(2019, 3, 28, 8, 6, 1, 253399)}
2019-03-28 13:06:06 [scrapy.core.engine] INFO: Spider closed (finished)
2019-03-28 13:07:02 [scrapy.utils.log] INFO: Scrapy 1.6.0 started (bot: psx)
2019-03-28 13:07:02 [scrapy.utils.log] INFO: Versions: lxml 4.3.3.0, libxml2 2.9.9, cssselect 1.0.3, parsel 1.5.1, w3lib 1.20.0, Twisted 18.9.0, Python 3.7.0 (v3.7.0:1bf9cc5093, Jun 26 2018, 23:26:24) - [Clang 6.0 (clang-600.0.57)], pyOpenSSL 19.0.0 (OpenSSL 1.1.1b  26 Feb 2019), cryptography 2.6.1, Platform Darwin-18.2.0-x86_64-i386-64bit
2019-03-28 13:07:02 [scrapy.crawler] INFO: Overridden settings: {'BOT_NAME': 'psx', 'NEWSPIDER_MODULE': 'psx.spiders', 'ROBOTSTXT_OBEY': True, 'SPIDER_MODULES': ['psx.spiders']}
2019-03-28 13:07:02 [scrapy.extensions.telnet] INFO: Telnet Password: dd68f24b3c6bfe00
2019-03-28 13:07:02 [scrapy.middleware] INFO: Enabled extensions:
['scrapy.extensions.corestats.CoreStats',
 'scrapy.extensions.telnet.TelnetConsole',
 'scrapy.extensions.memusage.MemoryUsage',
 'scrapy.extensions.logstats.LogStats']
2019-03-28 13:07:02 [scrapy.middleware] INFO: Enabled downloader middlewares:
['scrapy.downloadermiddlewares.robotstxt.RobotsTxtMiddleware',
 'scrapy.downloadermiddlewares.httpauth.HttpAuthMiddleware',
 'scrapy.downloadermiddlewares.downloadtimeout.DownloadTimeoutMiddleware',
 'scrapy.downloadermiddlewares.defaultheaders.DefaultHeadersMiddleware',
 'scrapy.downloadermiddlewares.useragent.UserAgentMiddleware',
 'scrapy.downloadermiddlewares.retry.RetryMiddleware',
 'scrapy.downloadermiddlewares.redirect.MetaRefreshMiddleware',
 'scrapy.downloadermiddlewares.httpcompression.HttpCompressionMiddleware',
 'scrapy.downloadermiddlewares.redirect.RedirectMiddleware',
 'scrapy.downloadermiddlewares.cookies.CookiesMiddleware',
 'scrapy.downloadermiddlewares.httpproxy.HttpProxyMiddleware',
 'scrapy.downloadermiddlewares.stats.DownloaderStats']
2019-03-28 13:07:02 [scrapy.middleware] INFO: Enabled spider middlewares:
['scrapy.spidermiddlewares.httperror.HttpErrorMiddleware',
 'scrapy.spidermiddlewares.offsite.OffsiteMiddleware',
 'scrapy.spidermiddlewares.referer.RefererMiddleware',
 'scrapy.spidermiddlewares.urllength.UrlLengthMiddleware',
 'scrapy.spidermiddlewares.depth.DepthMiddleware']
2019-03-28 13:07:02 [scrapy.middleware] INFO: Enabled item pipelines:
[]
2019-03-28 13:07:02 [scrapy.core.engine] INFO: Spider opened
2019-03-28 13:07:02 [scrapy.extensions.logstats] INFO: Crawled 0 pages (at 0 pages/min), scraped 0 items (at 0 items/min)
2019-03-28 13:07:02 [scrapy.extensions.telnet] INFO: Telnet console listening on 127.0.0.1:6023
2019-03-28 13:07:04 [scrapy.core.engine] DEBUG: Crawled (404) <GET https://dps.psx.com.pk/robots.txt> (referer: None)
2019-03-28 13:07:06 [scrapy.core.engine] DEBUG: Crawled (200) <GET https://dps.psx.com.pk/company/HUBC> (referer: None)
2019-03-28 13:07:07 [scrapy.core.engine] DEBUG: Crawled (200) <GET https://dps.psx.com.pk/company/GATI> (referer: None)
2019-03-28 13:07:07 [scrapy.core.engine] DEBUG: Crawled (200) <GET https://dps.psx.com.pk/company/OGDC> (referer: None)
2019-03-28 13:07:07 [scrapy.core.engine] INFO: Closing spider (finished)
2019-03-28 13:07:07 [scrapy.statscollectors] INFO: Dumping Scrapy stats:
{'downloader/request_bytes': 898,
 'downloader/request_count': 4,
 'downloader/request_method_count/GET': 4,
 'downloader/response_bytes': 70767,
 'downloader/response_count': 4,
 'downloader/response_status_count/200': 3,
 'downloader/response_status_count/404': 1,
 'finish_reason': 'finished',
 'finish_time': datetime.datetime(2019, 3, 28, 8, 7, 7, 596013),
 'log_count/DEBUG': 4,
 'log_count/INFO': 9,
 'memusage/max': 58556416,
 'memusage/startup': 58556416,
 'response_received_count': 4,
 'robotstxt/request_count': 1,
 'robotstxt/response_count': 1,
 'robotstxt/response_status_count/404': 1,
 'scheduler/dequeued': 3,
 'scheduler/dequeued/memory': 3,
 'scheduler/enqueued': 3,
 'scheduler/enqueued/memory': 3,
 'start_time': datetime.datetime(2019, 3, 28, 8, 7, 2, 209679)}
2019-03-28 13:07:07 [scrapy.core.engine] INFO: Spider closed (finished)
2019-03-28 13:08:01 [scrapy.utils.log] INFO: Scrapy 1.6.0 started (bot: psx)
2019-03-28 13:08:01 [scrapy.utils.log] INFO: Versions: lxml 4.3.3.0, libxml2 2.9.9, cssselect 1.0.3, parsel 1.5.1, w3lib 1.20.0, Twisted 18.9.0, Python 3.7.0 (v3.7.0:1bf9cc5093, Jun 26 2018, 23:26:24) - [Clang 6.0 (clang-600.0.57)], pyOpenSSL 19.0.0 (OpenSSL 1.1.1b  26 Feb 2019), cryptography 2.6.1, Platform Darwin-18.2.0-x86_64-i386-64bit
2019-03-28 13:08:01 [scrapy.crawler] INFO: Overridden settings: {'BOT_NAME': 'psx', 'NEWSPIDER_MODULE': 'psx.spiders', 'ROBOTSTXT_OBEY': True, 'SPIDER_MODULES': ['psx.spiders']}
2019-03-28 13:08:01 [scrapy.extensions.telnet] INFO: Telnet Password: 6a6ed0be98ae6a40
2019-03-28 13:08:01 [scrapy.middleware] INFO: Enabled extensions:
['scrapy.extensions.corestats.CoreStats',
 'scrapy.extensions.telnet.TelnetConsole',
 'scrapy.extensions.memusage.MemoryUsage',
 'scrapy.extensions.logstats.LogStats']
2019-03-28 13:08:01 [scrapy.middleware] INFO: Enabled downloader middlewares:
['scrapy.downloadermiddlewares.robotstxt.RobotsTxtMiddleware',
 'scrapy.downloadermiddlewares.httpauth.HttpAuthMiddleware',
 'scrapy.downloadermiddlewares.downloadtimeout.DownloadTimeoutMiddleware',
 'scrapy.downloadermiddlewares.defaultheaders.DefaultHeadersMiddleware',
 'scrapy.downloadermiddlewares.useragent.UserAgentMiddleware',
 'scrapy.downloadermiddlewares.retry.RetryMiddleware',
 'scrapy.downloadermiddlewares.redirect.MetaRefreshMiddleware',
 'scrapy.downloadermiddlewares.httpcompression.HttpCompressionMiddleware',
 'scrapy.downloadermiddlewares.redirect.RedirectMiddleware',
 'scrapy.downloadermiddlewares.cookies.CookiesMiddleware',
 'scrapy.downloadermiddlewares.httpproxy.HttpProxyMiddleware',
 'scrapy.downloadermiddlewares.stats.DownloaderStats']
2019-03-28 13:08:01 [scrapy.middleware] INFO: Enabled spider middlewares:
['scrapy.spidermiddlewares.httperror.HttpErrorMiddleware',
 'scrapy.spidermiddlewares.offsite.OffsiteMiddleware',
 'scrapy.spidermiddlewares.referer.RefererMiddleware',
 'scrapy.spidermiddlewares.urllength.UrlLengthMiddleware',
 'scrapy.spidermiddlewares.depth.DepthMiddleware']
2019-03-28 13:08:01 [scrapy.middleware] INFO: Enabled item pipelines:
[]
2019-03-28 13:08:01 [scrapy.core.engine] INFO: Spider opened
2019-03-28 13:08:01 [scrapy.extensions.logstats] INFO: Crawled 0 pages (at 0 pages/min), scraped 0 items (at 0 items/min)
2019-03-28 13:08:01 [scrapy.extensions.telnet] INFO: Telnet console listening on 127.0.0.1:6023
2019-03-28 13:08:03 [scrapy.core.engine] DEBUG: Crawled (404) <GET https://dps.psx.com.pk/robots.txt> (referer: None)
2019-03-28 13:08:05 [scrapy.core.engine] DEBUG: Crawled (200) <GET https://dps.psx.com.pk/company/HUBC> (referer: None)
2019-03-28 13:08:05 [scrapy.core.engine] DEBUG: Crawled (200) <GET https://dps.psx.com.pk/company/GATI> (referer: None)
2019-03-28 13:08:05 [scrapy.core.engine] DEBUG: Crawled (200) <GET https://dps.psx.com.pk/company/OGDC> (referer: None)
2019-03-28 13:08:05 [scrapy.core.engine] INFO: Closing spider (finished)
2019-03-28 13:08:05 [scrapy.statscollectors] INFO: Dumping Scrapy stats:
{'downloader/request_bytes': 898,
 'downloader/request_count': 4,
 'downloader/request_method_count/GET': 4,
 'downloader/response_bytes': 70679,
 'downloader/response_count': 4,
 'downloader/response_status_count/200': 3,
 'downloader/response_status_count/404': 1,
 'finish_reason': 'finished',
 'finish_time': datetime.datetime(2019, 3, 28, 8, 8, 5, 474013),
 'log_count/DEBUG': 4,
 'log_count/INFO': 9,
 'memusage/max': 58212352,
 'memusage/startup': 58212352,
 'response_received_count': 4,
 'robotstxt/request_count': 1,
 'robotstxt/response_count': 1,
 'robotstxt/response_status_count/404': 1,
 'scheduler/dequeued': 3,
 'scheduler/dequeued/memory': 3,
 'scheduler/enqueued': 3,
 'scheduler/enqueued/memory': 3,
 'start_time': datetime.datetime(2019, 3, 28, 8, 8, 1, 379089)}
2019-03-28 13:08:05 [scrapy.core.engine] INFO: Spider closed (finished)
2019-03-28 13:09:01 [scrapy.utils.log] INFO: Scrapy 1.6.0 started (bot: psx)
2019-03-28 13:09:01 [scrapy.utils.log] INFO: Versions: lxml 4.3.3.0, libxml2 2.9.9, cssselect 1.0.3, parsel 1.5.1, w3lib 1.20.0, Twisted 18.9.0, Python 3.7.0 (v3.7.0:1bf9cc5093, Jun 26 2018, 23:26:24) - [Clang 6.0 (clang-600.0.57)], pyOpenSSL 19.0.0 (OpenSSL 1.1.1b  26 Feb 2019), cryptography 2.6.1, Platform Darwin-18.2.0-x86_64-i386-64bit
2019-03-28 13:09:01 [scrapy.crawler] INFO: Overridden settings: {'BOT_NAME': 'psx', 'NEWSPIDER_MODULE': 'psx.spiders', 'ROBOTSTXT_OBEY': True, 'SPIDER_MODULES': ['psx.spiders']}
2019-03-28 13:09:01 [scrapy.extensions.telnet] INFO: Telnet Password: 2fb3e7acbd792ef9
2019-03-28 13:09:01 [scrapy.middleware] INFO: Enabled extensions:
['scrapy.extensions.corestats.CoreStats',
 'scrapy.extensions.telnet.TelnetConsole',
 'scrapy.extensions.memusage.MemoryUsage',
 'scrapy.extensions.logstats.LogStats']
2019-03-28 13:09:01 [scrapy.middleware] INFO: Enabled downloader middlewares:
['scrapy.downloadermiddlewares.robotstxt.RobotsTxtMiddleware',
 'scrapy.downloadermiddlewares.httpauth.HttpAuthMiddleware',
 'scrapy.downloadermiddlewares.downloadtimeout.DownloadTimeoutMiddleware',
 'scrapy.downloadermiddlewares.defaultheaders.DefaultHeadersMiddleware',
 'scrapy.downloadermiddlewares.useragent.UserAgentMiddleware',
 'scrapy.downloadermiddlewares.retry.RetryMiddleware',
 'scrapy.downloadermiddlewares.redirect.MetaRefreshMiddleware',
 'scrapy.downloadermiddlewares.httpcompression.HttpCompressionMiddleware',
 'scrapy.downloadermiddlewares.redirect.RedirectMiddleware',
 'scrapy.downloadermiddlewares.cookies.CookiesMiddleware',
 'scrapy.downloadermiddlewares.httpproxy.HttpProxyMiddleware',
 'scrapy.downloadermiddlewares.stats.DownloaderStats']
2019-03-28 13:09:01 [scrapy.middleware] INFO: Enabled spider middlewares:
['scrapy.spidermiddlewares.httperror.HttpErrorMiddleware',
 'scrapy.spidermiddlewares.offsite.OffsiteMiddleware',
 'scrapy.spidermiddlewares.referer.RefererMiddleware',
 'scrapy.spidermiddlewares.urllength.UrlLengthMiddleware',
 'scrapy.spidermiddlewares.depth.DepthMiddleware']
2019-03-28 13:09:01 [scrapy.middleware] INFO: Enabled item pipelines:
[]
2019-03-28 13:09:01 [scrapy.core.engine] INFO: Spider opened
2019-03-28 13:09:01 [scrapy.extensions.logstats] INFO: Crawled 0 pages (at 0 pages/min), scraped 0 items (at 0 items/min)
2019-03-28 13:09:01 [scrapy.extensions.telnet] INFO: Telnet console listening on 127.0.0.1:6023
2019-03-28 13:09:04 [scrapy.core.engine] DEBUG: Crawled (404) <GET https://dps.psx.com.pk/robots.txt> (referer: None)
2019-03-28 13:09:06 [scrapy.core.engine] DEBUG: Crawled (200) <GET https://dps.psx.com.pk/company/HUBC> (referer: None)
2019-03-28 13:09:06 [scrapy.core.engine] DEBUG: Crawled (200) <GET https://dps.psx.com.pk/company/GATI> (referer: None)
2019-03-28 13:09:08 [scrapy.core.engine] DEBUG: Crawled (200) <GET https://dps.psx.com.pk/company/OGDC> (referer: None)
2019-03-28 13:09:08 [scrapy.core.engine] INFO: Closing spider (finished)
2019-03-28 13:09:08 [scrapy.statscollectors] INFO: Dumping Scrapy stats:
{'downloader/request_bytes': 898,
 'downloader/request_count': 4,
 'downloader/request_method_count/GET': 4,
 'downloader/response_bytes': 70662,
 'downloader/response_count': 4,
 'downloader/response_status_count/200': 3,
 'downloader/response_status_count/404': 1,
 'finish_reason': 'finished',
 'finish_time': datetime.datetime(2019, 3, 28, 8, 9, 8, 308741),
 'log_count/DEBUG': 4,
 'log_count/INFO': 9,
 'memusage/max': 58036224,
 'memusage/startup': 58036224,
 'response_received_count': 4,
 'robotstxt/request_count': 1,
 'robotstxt/response_count': 1,
 'robotstxt/response_status_count/404': 1,
 'scheduler/dequeued': 3,
 'scheduler/dequeued/memory': 3,
 'scheduler/enqueued': 3,
 'scheduler/enqueued/memory': 3,
 'start_time': datetime.datetime(2019, 3, 28, 8, 9, 1, 870935)}
2019-03-28 13:09:08 [scrapy.core.engine] INFO: Spider closed (finished)
2019-03-28 13:10:05 [scrapy.utils.log] INFO: Scrapy 1.6.0 started (bot: psx)
2019-03-28 13:10:05 [scrapy.utils.log] INFO: Versions: lxml 4.3.3.0, libxml2 2.9.9, cssselect 1.0.3, parsel 1.5.1, w3lib 1.20.0, Twisted 18.9.0, Python 3.7.0 (v3.7.0:1bf9cc5093, Jun 26 2018, 23:26:24) - [Clang 6.0 (clang-600.0.57)], pyOpenSSL 19.0.0 (OpenSSL 1.1.1b  26 Feb 2019), cryptography 2.6.1, Platform Darwin-18.2.0-x86_64-i386-64bit
2019-03-28 13:10:05 [scrapy.crawler] INFO: Overridden settings: {'BOT_NAME': 'psx', 'NEWSPIDER_MODULE': 'psx.spiders', 'ROBOTSTXT_OBEY': True, 'SPIDER_MODULES': ['psx.spiders']}
2019-03-28 13:10:05 [scrapy.extensions.telnet] INFO: Telnet Password: 71cde90b9ed8764b
2019-03-28 13:10:05 [scrapy.middleware] INFO: Enabled extensions:
['scrapy.extensions.corestats.CoreStats',
 'scrapy.extensions.telnet.TelnetConsole',
 'scrapy.extensions.memusage.MemoryUsage',
 'scrapy.extensions.logstats.LogStats']
2019-03-28 13:10:05 [scrapy.middleware] INFO: Enabled downloader middlewares:
['scrapy.downloadermiddlewares.robotstxt.RobotsTxtMiddleware',
 'scrapy.downloadermiddlewares.httpauth.HttpAuthMiddleware',
 'scrapy.downloadermiddlewares.downloadtimeout.DownloadTimeoutMiddleware',
 'scrapy.downloadermiddlewares.defaultheaders.DefaultHeadersMiddleware',
 'scrapy.downloadermiddlewares.useragent.UserAgentMiddleware',
 'scrapy.downloadermiddlewares.retry.RetryMiddleware',
 'scrapy.downloadermiddlewares.redirect.MetaRefreshMiddleware',
 'scrapy.downloadermiddlewares.httpcompression.HttpCompressionMiddleware',
 'scrapy.downloadermiddlewares.redirect.RedirectMiddleware',
 'scrapy.downloadermiddlewares.cookies.CookiesMiddleware',
 'scrapy.downloadermiddlewares.httpproxy.HttpProxyMiddleware',
 'scrapy.downloadermiddlewares.stats.DownloaderStats']
2019-03-28 13:10:05 [scrapy.middleware] INFO: Enabled spider middlewares:
['scrapy.spidermiddlewares.httperror.HttpErrorMiddleware',
 'scrapy.spidermiddlewares.offsite.OffsiteMiddleware',
 'scrapy.spidermiddlewares.referer.RefererMiddleware',
 'scrapy.spidermiddlewares.urllength.UrlLengthMiddleware',
 'scrapy.spidermiddlewares.depth.DepthMiddleware']
2019-03-28 13:10:05 [scrapy.middleware] INFO: Enabled item pipelines:
[]
2019-03-28 13:10:05 [scrapy.core.engine] INFO: Spider opened
2019-03-28 13:10:05 [scrapy.extensions.logstats] INFO: Crawled 0 pages (at 0 pages/min), scraped 0 items (at 0 items/min)
2019-03-28 13:10:05 [scrapy.extensions.telnet] INFO: Telnet console listening on 127.0.0.1:6023
2019-03-28 13:10:07 [scrapy.core.engine] DEBUG: Crawled (404) <GET https://dps.psx.com.pk/robots.txt> (referer: None)
2019-03-28 13:10:09 [scrapy.core.engine] DEBUG: Crawled (200) <GET https://dps.psx.com.pk/company/HUBC> (referer: None)
2019-03-28 13:10:09 [scrapy.core.engine] DEBUG: Crawled (200) <GET https://dps.psx.com.pk/company/GATI> (referer: None)
2019-03-28 13:10:09 [scrapy.core.engine] DEBUG: Crawled (200) <GET https://dps.psx.com.pk/company/OGDC> (referer: None)
2019-03-28 13:10:10 [scrapy.core.engine] INFO: Closing spider (finished)
2019-03-28 13:10:10 [scrapy.statscollectors] INFO: Dumping Scrapy stats:
{'downloader/request_bytes': 898,
 'downloader/request_count': 4,
 'downloader/request_method_count/GET': 4,
 'downloader/response_bytes': 70660,
 'downloader/response_count': 4,
 'downloader/response_status_count/200': 3,
 'downloader/response_status_count/404': 1,
 'finish_reason': 'finished',
 'finish_time': datetime.datetime(2019, 3, 28, 8, 10, 10, 87688),
 'log_count/DEBUG': 4,
 'log_count/INFO': 9,
 'memusage/max': 58208256,
 'memusage/startup': 58208256,
 'response_received_count': 4,
 'robotstxt/request_count': 1,
 'robotstxt/response_count': 1,
 'robotstxt/response_status_count/404': 1,
 'scheduler/dequeued': 3,
 'scheduler/dequeued/memory': 3,
 'scheduler/enqueued': 3,
 'scheduler/enqueued/memory': 3,
 'start_time': datetime.datetime(2019, 3, 28, 8, 10, 5, 854134)}
2019-03-28 13:10:10 [scrapy.core.engine] INFO: Spider closed (finished)
2019-03-28 13:11:01 [scrapy.utils.log] INFO: Scrapy 1.6.0 started (bot: psx)
2019-03-28 13:11:01 [scrapy.utils.log] INFO: Versions: lxml 4.3.3.0, libxml2 2.9.9, cssselect 1.0.3, parsel 1.5.1, w3lib 1.20.0, Twisted 18.9.0, Python 3.7.0 (v3.7.0:1bf9cc5093, Jun 26 2018, 23:26:24) - [Clang 6.0 (clang-600.0.57)], pyOpenSSL 19.0.0 (OpenSSL 1.1.1b  26 Feb 2019), cryptography 2.6.1, Platform Darwin-18.2.0-x86_64-i386-64bit
2019-03-28 13:11:01 [scrapy.crawler] INFO: Overridden settings: {'BOT_NAME': 'psx', 'NEWSPIDER_MODULE': 'psx.spiders', 'ROBOTSTXT_OBEY': True, 'SPIDER_MODULES': ['psx.spiders']}
2019-03-28 13:11:01 [scrapy.extensions.telnet] INFO: Telnet Password: 3f60b7fd4dce3124
2019-03-28 13:11:01 [scrapy.middleware] INFO: Enabled extensions:
['scrapy.extensions.corestats.CoreStats',
 'scrapy.extensions.telnet.TelnetConsole',
 'scrapy.extensions.memusage.MemoryUsage',
 'scrapy.extensions.logstats.LogStats']
2019-03-28 13:11:01 [scrapy.middleware] INFO: Enabled downloader middlewares:
['scrapy.downloadermiddlewares.robotstxt.RobotsTxtMiddleware',
 'scrapy.downloadermiddlewares.httpauth.HttpAuthMiddleware',
 'scrapy.downloadermiddlewares.downloadtimeout.DownloadTimeoutMiddleware',
 'scrapy.downloadermiddlewares.defaultheaders.DefaultHeadersMiddleware',
 'scrapy.downloadermiddlewares.useragent.UserAgentMiddleware',
 'scrapy.downloadermiddlewares.retry.RetryMiddleware',
 'scrapy.downloadermiddlewares.redirect.MetaRefreshMiddleware',
 'scrapy.downloadermiddlewares.httpcompression.HttpCompressionMiddleware',
 'scrapy.downloadermiddlewares.redirect.RedirectMiddleware',
 'scrapy.downloadermiddlewares.cookies.CookiesMiddleware',
 'scrapy.downloadermiddlewares.httpproxy.HttpProxyMiddleware',
 'scrapy.downloadermiddlewares.stats.DownloaderStats']
2019-03-28 13:11:01 [scrapy.middleware] INFO: Enabled spider middlewares:
['scrapy.spidermiddlewares.httperror.HttpErrorMiddleware',
 'scrapy.spidermiddlewares.offsite.OffsiteMiddleware',
 'scrapy.spidermiddlewares.referer.RefererMiddleware',
 'scrapy.spidermiddlewares.urllength.UrlLengthMiddleware',
 'scrapy.spidermiddlewares.depth.DepthMiddleware']
2019-03-28 13:11:01 [scrapy.middleware] INFO: Enabled item pipelines:
[]
2019-03-28 13:11:01 [scrapy.core.engine] INFO: Spider opened
2019-03-28 13:11:01 [scrapy.extensions.logstats] INFO: Crawled 0 pages (at 0 pages/min), scraped 0 items (at 0 items/min)
2019-03-28 13:11:01 [scrapy.extensions.telnet] INFO: Telnet console listening on 127.0.0.1:6023
2019-03-28 13:11:04 [scrapy.core.engine] DEBUG: Crawled (404) <GET https://dps.psx.com.pk/robots.txt> (referer: None)
2019-03-28 13:11:06 [scrapy.core.engine] DEBUG: Crawled (200) <GET https://dps.psx.com.pk/company/HUBC> (referer: None)
2019-03-28 13:11:06 [scrapy.core.engine] DEBUG: Crawled (200) <GET https://dps.psx.com.pk/company/OGDC> (referer: None)
2019-03-28 13:11:06 [scrapy.core.engine] DEBUG: Crawled (200) <GET https://dps.psx.com.pk/company/GATI> (referer: None)
2019-03-28 13:11:06 [scrapy.core.engine] INFO: Closing spider (finished)
2019-03-28 13:11:06 [scrapy.statscollectors] INFO: Dumping Scrapy stats:
{'downloader/request_bytes': 898,
 'downloader/request_count': 4,
 'downloader/request_method_count/GET': 4,
 'downloader/response_bytes': 70593,
 'downloader/response_count': 4,
 'downloader/response_status_count/200': 3,
 'downloader/response_status_count/404': 1,
 'finish_reason': 'finished',
 'finish_time': datetime.datetime(2019, 3, 28, 8, 11, 6, 740549),
 'log_count/DEBUG': 4,
 'log_count/INFO': 9,
 'memusage/max': 58400768,
 'memusage/startup': 58400768,
 'response_received_count': 4,
 'robotstxt/request_count': 1,
 'robotstxt/response_count': 1,
 'robotstxt/response_status_count/404': 1,
 'scheduler/dequeued': 3,
 'scheduler/dequeued/memory': 3,
 'scheduler/enqueued': 3,
 'scheduler/enqueued/memory': 3,
 'start_time': datetime.datetime(2019, 3, 28, 8, 11, 1, 476234)}
2019-03-28 13:11:06 [scrapy.core.engine] INFO: Spider closed (finished)
2019-03-28 13:12:03 [scrapy.utils.log] INFO: Scrapy 1.6.0 started (bot: psx)
2019-03-28 13:12:03 [scrapy.utils.log] INFO: Versions: lxml 4.3.3.0, libxml2 2.9.9, cssselect 1.0.3, parsel 1.5.1, w3lib 1.20.0, Twisted 18.9.0, Python 3.7.0 (v3.7.0:1bf9cc5093, Jun 26 2018, 23:26:24) - [Clang 6.0 (clang-600.0.57)], pyOpenSSL 19.0.0 (OpenSSL 1.1.1b  26 Feb 2019), cryptography 2.6.1, Platform Darwin-18.2.0-x86_64-i386-64bit
2019-03-28 13:12:03 [scrapy.crawler] INFO: Overridden settings: {'BOT_NAME': 'psx', 'NEWSPIDER_MODULE': 'psx.spiders', 'ROBOTSTXT_OBEY': True, 'SPIDER_MODULES': ['psx.spiders']}
2019-03-28 13:12:03 [scrapy.extensions.telnet] INFO: Telnet Password: b461474e88e3dab2
2019-03-28 13:12:03 [scrapy.middleware] INFO: Enabled extensions:
['scrapy.extensions.corestats.CoreStats',
 'scrapy.extensions.telnet.TelnetConsole',
 'scrapy.extensions.memusage.MemoryUsage',
 'scrapy.extensions.logstats.LogStats']
2019-03-28 13:12:03 [scrapy.middleware] INFO: Enabled downloader middlewares:
['scrapy.downloadermiddlewares.robotstxt.RobotsTxtMiddleware',
 'scrapy.downloadermiddlewares.httpauth.HttpAuthMiddleware',
 'scrapy.downloadermiddlewares.downloadtimeout.DownloadTimeoutMiddleware',
 'scrapy.downloadermiddlewares.defaultheaders.DefaultHeadersMiddleware',
 'scrapy.downloadermiddlewares.useragent.UserAgentMiddleware',
 'scrapy.downloadermiddlewares.retry.RetryMiddleware',
 'scrapy.downloadermiddlewares.redirect.MetaRefreshMiddleware',
 'scrapy.downloadermiddlewares.httpcompression.HttpCompressionMiddleware',
 'scrapy.downloadermiddlewares.redirect.RedirectMiddleware',
 'scrapy.downloadermiddlewares.cookies.CookiesMiddleware',
 'scrapy.downloadermiddlewares.httpproxy.HttpProxyMiddleware',
 'scrapy.downloadermiddlewares.stats.DownloaderStats']
2019-03-28 13:12:03 [scrapy.middleware] INFO: Enabled spider middlewares:
['scrapy.spidermiddlewares.httperror.HttpErrorMiddleware',
 'scrapy.spidermiddlewares.offsite.OffsiteMiddleware',
 'scrapy.spidermiddlewares.referer.RefererMiddleware',
 'scrapy.spidermiddlewares.urllength.UrlLengthMiddleware',
 'scrapy.spidermiddlewares.depth.DepthMiddleware']
2019-03-28 13:12:03 [scrapy.middleware] INFO: Enabled item pipelines:
[]
2019-03-28 13:12:03 [scrapy.core.engine] INFO: Spider opened
2019-03-28 13:12:03 [scrapy.extensions.logstats] INFO: Crawled 0 pages (at 0 pages/min), scraped 0 items (at 0 items/min)
2019-03-28 13:12:03 [scrapy.extensions.telnet] INFO: Telnet console listening on 127.0.0.1:6023
2019-03-28 13:12:04 [scrapy.core.engine] DEBUG: Crawled (404) <GET https://dps.psx.com.pk/robots.txt> (referer: None)
2019-03-28 13:12:06 [scrapy.core.engine] DEBUG: Crawled (200) <GET https://dps.psx.com.pk/company/HUBC> (referer: None)
2019-03-28 13:12:07 [scrapy.core.engine] DEBUG: Crawled (200) <GET https://dps.psx.com.pk/company/GATI> (referer: None)
2019-03-28 13:12:07 [scrapy.core.engine] DEBUG: Crawled (200) <GET https://dps.psx.com.pk/company/OGDC> (referer: None)
2019-03-28 13:12:08 [scrapy.core.engine] INFO: Closing spider (finished)
2019-03-28 13:12:08 [scrapy.statscollectors] INFO: Dumping Scrapy stats:
{'downloader/request_bytes': 898,
 'downloader/request_count': 4,
 'downloader/request_method_count/GET': 4,
 'downloader/response_bytes': 70762,
 'downloader/response_count': 4,
 'downloader/response_status_count/200': 3,
 'downloader/response_status_count/404': 1,
 'finish_reason': 'finished',
 'finish_time': datetime.datetime(2019, 3, 28, 8, 12, 8, 93644),
 'log_count/DEBUG': 4,
 'log_count/INFO': 9,
 'memusage/max': 58048512,
 'memusage/startup': 58048512,
 'response_received_count': 4,
 'robotstxt/request_count': 1,
 'robotstxt/response_count': 1,
 'robotstxt/response_status_count/404': 1,
 'scheduler/dequeued': 3,
 'scheduler/dequeued/memory': 3,
 'scheduler/enqueued': 3,
 'scheduler/enqueued/memory': 3,
 'start_time': datetime.datetime(2019, 3, 28, 8, 12, 3, 154386)}
2019-03-28 13:12:08 [scrapy.core.engine] INFO: Spider closed (finished)
2019-03-28 13:13:05 [scrapy.utils.log] INFO: Scrapy 1.6.0 started (bot: psx)
2019-03-28 13:13:05 [scrapy.utils.log] INFO: Versions: lxml 4.3.3.0, libxml2 2.9.9, cssselect 1.0.3, parsel 1.5.1, w3lib 1.20.0, Twisted 18.9.0, Python 3.7.0 (v3.7.0:1bf9cc5093, Jun 26 2018, 23:26:24) - [Clang 6.0 (clang-600.0.57)], pyOpenSSL 19.0.0 (OpenSSL 1.1.1b  26 Feb 2019), cryptography 2.6.1, Platform Darwin-18.2.0-x86_64-i386-64bit
2019-03-28 13:13:05 [scrapy.crawler] INFO: Overridden settings: {'BOT_NAME': 'psx', 'NEWSPIDER_MODULE': 'psx.spiders', 'ROBOTSTXT_OBEY': True, 'SPIDER_MODULES': ['psx.spiders']}
2019-03-28 13:13:05 [scrapy.extensions.telnet] INFO: Telnet Password: d20db0ec6b36f097
2019-03-28 13:13:05 [scrapy.middleware] INFO: Enabled extensions:
['scrapy.extensions.corestats.CoreStats',
 'scrapy.extensions.telnet.TelnetConsole',
 'scrapy.extensions.memusage.MemoryUsage',
 'scrapy.extensions.logstats.LogStats']
2019-03-28 13:13:05 [scrapy.middleware] INFO: Enabled downloader middlewares:
['scrapy.downloadermiddlewares.robotstxt.RobotsTxtMiddleware',
 'scrapy.downloadermiddlewares.httpauth.HttpAuthMiddleware',
 'scrapy.downloadermiddlewares.downloadtimeout.DownloadTimeoutMiddleware',
 'scrapy.downloadermiddlewares.defaultheaders.DefaultHeadersMiddleware',
 'scrapy.downloadermiddlewares.useragent.UserAgentMiddleware',
 'scrapy.downloadermiddlewares.retry.RetryMiddleware',
 'scrapy.downloadermiddlewares.redirect.MetaRefreshMiddleware',
 'scrapy.downloadermiddlewares.httpcompression.HttpCompressionMiddleware',
 'scrapy.downloadermiddlewares.redirect.RedirectMiddleware',
 'scrapy.downloadermiddlewares.cookies.CookiesMiddleware',
 'scrapy.downloadermiddlewares.httpproxy.HttpProxyMiddleware',
 'scrapy.downloadermiddlewares.stats.DownloaderStats']
2019-03-28 13:13:05 [scrapy.middleware] INFO: Enabled spider middlewares:
['scrapy.spidermiddlewares.httperror.HttpErrorMiddleware',
 'scrapy.spidermiddlewares.offsite.OffsiteMiddleware',
 'scrapy.spidermiddlewares.referer.RefererMiddleware',
 'scrapy.spidermiddlewares.urllength.UrlLengthMiddleware',
 'scrapy.spidermiddlewares.depth.DepthMiddleware']
2019-03-28 13:13:05 [scrapy.middleware] INFO: Enabled item pipelines:
[]
2019-03-28 13:13:05 [scrapy.core.engine] INFO: Spider opened
2019-03-28 13:13:05 [scrapy.extensions.logstats] INFO: Crawled 0 pages (at 0 pages/min), scraped 0 items (at 0 items/min)
2019-03-28 13:13:05 [scrapy.extensions.telnet] INFO: Telnet console listening on 127.0.0.1:6023
2019-03-28 13:13:08 [scrapy.core.engine] DEBUG: Crawled (404) <GET https://dps.psx.com.pk/robots.txt> (referer: None)
2019-03-28 13:13:10 [scrapy.core.engine] DEBUG: Crawled (200) <GET https://dps.psx.com.pk/company/HUBC> (referer: None)
2019-03-28 13:13:10 [scrapy.core.engine] DEBUG: Crawled (200) <GET https://dps.psx.com.pk/company/OGDC> (referer: None)
2019-03-28 13:13:11 [scrapy.core.engine] DEBUG: Crawled (200) <GET https://dps.psx.com.pk/company/GATI> (referer: None)
2019-03-28 13:13:12 [scrapy.core.engine] INFO: Closing spider (finished)
2019-03-28 13:13:12 [scrapy.statscollectors] INFO: Dumping Scrapy stats:
{'downloader/request_bytes': 898,
 'downloader/request_count': 4,
 'downloader/request_method_count/GET': 4,
 'downloader/response_bytes': 70684,
 'downloader/response_count': 4,
 'downloader/response_status_count/200': 3,
 'downloader/response_status_count/404': 1,
 'finish_reason': 'finished',
 'finish_time': datetime.datetime(2019, 3, 28, 8, 13, 12, 83127),
 'log_count/DEBUG': 4,
 'log_count/INFO': 9,
 'memusage/max': 58204160,
 'memusage/startup': 58204160,
 'response_received_count': 4,
 'robotstxt/request_count': 1,
 'robotstxt/response_count': 1,
 'robotstxt/response_status_count/404': 1,
 'scheduler/dequeued': 3,
 'scheduler/dequeued/memory': 3,
 'scheduler/enqueued': 3,
 'scheduler/enqueued/memory': 3,
 'start_time': datetime.datetime(2019, 3, 28, 8, 13, 5, 670213)}
2019-03-28 13:13:12 [scrapy.core.engine] INFO: Spider closed (finished)
2019-03-28 13:14:03 [scrapy.utils.log] INFO: Scrapy 1.6.0 started (bot: psx)
2019-03-28 13:14:03 [scrapy.utils.log] INFO: Versions: lxml 4.3.3.0, libxml2 2.9.9, cssselect 1.0.3, parsel 1.5.1, w3lib 1.20.0, Twisted 18.9.0, Python 3.7.0 (v3.7.0:1bf9cc5093, Jun 26 2018, 23:26:24) - [Clang 6.0 (clang-600.0.57)], pyOpenSSL 19.0.0 (OpenSSL 1.1.1b  26 Feb 2019), cryptography 2.6.1, Platform Darwin-18.2.0-x86_64-i386-64bit
2019-03-28 13:14:03 [scrapy.crawler] INFO: Overridden settings: {'BOT_NAME': 'psx', 'NEWSPIDER_MODULE': 'psx.spiders', 'ROBOTSTXT_OBEY': True, 'SPIDER_MODULES': ['psx.spiders']}
2019-03-28 13:14:03 [scrapy.extensions.telnet] INFO: Telnet Password: 540daa799134660d
2019-03-28 13:14:03 [scrapy.middleware] INFO: Enabled extensions:
['scrapy.extensions.corestats.CoreStats',
 'scrapy.extensions.telnet.TelnetConsole',
 'scrapy.extensions.memusage.MemoryUsage',
 'scrapy.extensions.logstats.LogStats']
2019-03-28 13:14:03 [scrapy.middleware] INFO: Enabled downloader middlewares:
['scrapy.downloadermiddlewares.robotstxt.RobotsTxtMiddleware',
 'scrapy.downloadermiddlewares.httpauth.HttpAuthMiddleware',
 'scrapy.downloadermiddlewares.downloadtimeout.DownloadTimeoutMiddleware',
 'scrapy.downloadermiddlewares.defaultheaders.DefaultHeadersMiddleware',
 'scrapy.downloadermiddlewares.useragent.UserAgentMiddleware',
 'scrapy.downloadermiddlewares.retry.RetryMiddleware',
 'scrapy.downloadermiddlewares.redirect.MetaRefreshMiddleware',
 'scrapy.downloadermiddlewares.httpcompression.HttpCompressionMiddleware',
 'scrapy.downloadermiddlewares.redirect.RedirectMiddleware',
 'scrapy.downloadermiddlewares.cookies.CookiesMiddleware',
 'scrapy.downloadermiddlewares.httpproxy.HttpProxyMiddleware',
 'scrapy.downloadermiddlewares.stats.DownloaderStats']
2019-03-28 13:14:03 [scrapy.middleware] INFO: Enabled spider middlewares:
['scrapy.spidermiddlewares.httperror.HttpErrorMiddleware',
 'scrapy.spidermiddlewares.offsite.OffsiteMiddleware',
 'scrapy.spidermiddlewares.referer.RefererMiddleware',
 'scrapy.spidermiddlewares.urllength.UrlLengthMiddleware',
 'scrapy.spidermiddlewares.depth.DepthMiddleware']
2019-03-28 13:14:03 [scrapy.middleware] INFO: Enabled item pipelines:
[]
2019-03-28 13:14:03 [scrapy.core.engine] INFO: Spider opened
2019-03-28 13:14:03 [scrapy.extensions.logstats] INFO: Crawled 0 pages (at 0 pages/min), scraped 0 items (at 0 items/min)
2019-03-28 13:14:03 [scrapy.extensions.telnet] INFO: Telnet console listening on 127.0.0.1:6023
2019-03-28 13:14:04 [scrapy.core.engine] DEBUG: Crawled (404) <GET https://dps.psx.com.pk/robots.txt> (referer: None)
2019-03-28 13:14:06 [scrapy.core.engine] DEBUG: Crawled (200) <GET https://dps.psx.com.pk/company/HUBC> (referer: None)
2019-03-28 13:14:07 [scrapy.core.engine] DEBUG: Crawled (200) <GET https://dps.psx.com.pk/company/OGDC> (referer: None)
2019-03-28 13:14:07 [scrapy.core.engine] DEBUG: Crawled (200) <GET https://dps.psx.com.pk/company/GATI> (referer: None)
2019-03-28 13:14:08 [scrapy.core.engine] INFO: Closing spider (finished)
2019-03-28 13:14:08 [scrapy.statscollectors] INFO: Dumping Scrapy stats:
{'downloader/request_bytes': 898,
 'downloader/request_count': 4,
 'downloader/request_method_count/GET': 4,
 'downloader/response_bytes': 70654,
 'downloader/response_count': 4,
 'downloader/response_status_count/200': 3,
 'downloader/response_status_count/404': 1,
 'finish_reason': 'finished',
 'finish_time': datetime.datetime(2019, 3, 28, 8, 14, 8, 107205),
 'log_count/DEBUG': 4,
 'log_count/INFO': 9,
 'memusage/max': 58093568,
 'memusage/startup': 58093568,
 'response_received_count': 4,
 'robotstxt/request_count': 1,
 'robotstxt/response_count': 1,
 'robotstxt/response_status_count/404': 1,
 'scheduler/dequeued': 3,
 'scheduler/dequeued/memory': 3,
 'scheduler/enqueued': 3,
 'scheduler/enqueued/memory': 3,
 'start_time': datetime.datetime(2019, 3, 28, 8, 14, 3, 280438)}
2019-03-28 13:14:08 [scrapy.core.engine] INFO: Spider closed (finished)
2019-03-28 13:15:02 [scrapy.utils.log] INFO: Scrapy 1.6.0 started (bot: psx)
2019-03-28 13:15:02 [scrapy.utils.log] INFO: Versions: lxml 4.3.3.0, libxml2 2.9.9, cssselect 1.0.3, parsel 1.5.1, w3lib 1.20.0, Twisted 18.9.0, Python 3.7.0 (v3.7.0:1bf9cc5093, Jun 26 2018, 23:26:24) - [Clang 6.0 (clang-600.0.57)], pyOpenSSL 19.0.0 (OpenSSL 1.1.1b  26 Feb 2019), cryptography 2.6.1, Platform Darwin-18.2.0-x86_64-i386-64bit
2019-03-28 13:15:02 [scrapy.crawler] INFO: Overridden settings: {'BOT_NAME': 'psx', 'NEWSPIDER_MODULE': 'psx.spiders', 'ROBOTSTXT_OBEY': True, 'SPIDER_MODULES': ['psx.spiders']}
2019-03-28 13:15:02 [scrapy.extensions.telnet] INFO: Telnet Password: 46b8b304633824fb
2019-03-28 13:15:02 [scrapy.middleware] INFO: Enabled extensions:
['scrapy.extensions.corestats.CoreStats',
 'scrapy.extensions.telnet.TelnetConsole',
 'scrapy.extensions.memusage.MemoryUsage',
 'scrapy.extensions.logstats.LogStats']
2019-03-28 13:15:02 [scrapy.middleware] INFO: Enabled downloader middlewares:
['scrapy.downloadermiddlewares.robotstxt.RobotsTxtMiddleware',
 'scrapy.downloadermiddlewares.httpauth.HttpAuthMiddleware',
 'scrapy.downloadermiddlewares.downloadtimeout.DownloadTimeoutMiddleware',
 'scrapy.downloadermiddlewares.defaultheaders.DefaultHeadersMiddleware',
 'scrapy.downloadermiddlewares.useragent.UserAgentMiddleware',
 'scrapy.downloadermiddlewares.retry.RetryMiddleware',
 'scrapy.downloadermiddlewares.redirect.MetaRefreshMiddleware',
 'scrapy.downloadermiddlewares.httpcompression.HttpCompressionMiddleware',
 'scrapy.downloadermiddlewares.redirect.RedirectMiddleware',
 'scrapy.downloadermiddlewares.cookies.CookiesMiddleware',
 'scrapy.downloadermiddlewares.httpproxy.HttpProxyMiddleware',
 'scrapy.downloadermiddlewares.stats.DownloaderStats']
2019-03-28 13:15:02 [scrapy.middleware] INFO: Enabled spider middlewares:
['scrapy.spidermiddlewares.httperror.HttpErrorMiddleware',
 'scrapy.spidermiddlewares.offsite.OffsiteMiddleware',
 'scrapy.spidermiddlewares.referer.RefererMiddleware',
 'scrapy.spidermiddlewares.urllength.UrlLengthMiddleware',
 'scrapy.spidermiddlewares.depth.DepthMiddleware']
2019-03-28 13:15:02 [scrapy.middleware] INFO: Enabled item pipelines:
[]
2019-03-28 13:15:02 [scrapy.core.engine] INFO: Spider opened
2019-03-28 13:15:02 [scrapy.extensions.logstats] INFO: Crawled 0 pages (at 0 pages/min), scraped 0 items (at 0 items/min)
2019-03-28 13:15:02 [scrapy.extensions.telnet] INFO: Telnet console listening on 127.0.0.1:6023
2019-03-28 13:15:04 [scrapy.core.engine] DEBUG: Crawled (404) <GET https://dps.psx.com.pk/robots.txt> (referer: None)
2019-03-28 13:15:07 [scrapy.core.engine] DEBUG: Crawled (200) <GET https://dps.psx.com.pk/company/OGDC> (referer: None)
2019-03-28 13:15:07 [scrapy.core.engine] DEBUG: Crawled (200) <GET https://dps.psx.com.pk/company/HUBC> (referer: None)
2019-03-28 13:15:07 [scrapy.core.engine] DEBUG: Crawled (200) <GET https://dps.psx.com.pk/company/GATI> (referer: None)
2019-03-28 13:15:07 [scrapy.core.engine] INFO: Closing spider (finished)
2019-03-28 13:15:07 [scrapy.statscollectors] INFO: Dumping Scrapy stats:
{'downloader/request_bytes': 898,
 'downloader/request_count': 4,
 'downloader/request_method_count/GET': 4,
 'downloader/response_bytes': 70591,
 'downloader/response_count': 4,
 'downloader/response_status_count/200': 3,
 'downloader/response_status_count/404': 1,
 'finish_reason': 'finished',
 'finish_time': datetime.datetime(2019, 3, 28, 8, 15, 7, 213153),
 'log_count/DEBUG': 4,
 'log_count/INFO': 9,
 'memusage/max': 58380288,
 'memusage/startup': 58380288,
 'response_received_count': 4,
 'robotstxt/request_count': 1,
 'robotstxt/response_count': 1,
 'robotstxt/response_status_count/404': 1,
 'scheduler/dequeued': 3,
 'scheduler/dequeued/memory': 3,
 'scheduler/enqueued': 3,
 'scheduler/enqueued/memory': 3,
 'start_time': datetime.datetime(2019, 3, 28, 8, 15, 2, 228537)}
2019-03-28 13:15:07 [scrapy.core.engine] INFO: Spider closed (finished)
2019-03-28 13:16:06 [scrapy.utils.log] INFO: Scrapy 1.6.0 started (bot: psx)
2019-03-28 13:16:06 [scrapy.utils.log] INFO: Versions: lxml 4.3.3.0, libxml2 2.9.9, cssselect 1.0.3, parsel 1.5.1, w3lib 1.20.0, Twisted 18.9.0, Python 3.7.0 (v3.7.0:1bf9cc5093, Jun 26 2018, 23:26:24) - [Clang 6.0 (clang-600.0.57)], pyOpenSSL 19.0.0 (OpenSSL 1.1.1b  26 Feb 2019), cryptography 2.6.1, Platform Darwin-18.2.0-x86_64-i386-64bit
2019-03-28 13:16:06 [scrapy.crawler] INFO: Overridden settings: {'BOT_NAME': 'psx', 'NEWSPIDER_MODULE': 'psx.spiders', 'ROBOTSTXT_OBEY': True, 'SPIDER_MODULES': ['psx.spiders']}
2019-03-28 13:16:06 [scrapy.extensions.telnet] INFO: Telnet Password: 914100f6d0eb2c12
2019-03-28 13:16:06 [scrapy.middleware] INFO: Enabled extensions:
['scrapy.extensions.corestats.CoreStats',
 'scrapy.extensions.telnet.TelnetConsole',
 'scrapy.extensions.memusage.MemoryUsage',
 'scrapy.extensions.logstats.LogStats']
2019-03-28 13:16:06 [scrapy.middleware] INFO: Enabled downloader middlewares:
['scrapy.downloadermiddlewares.robotstxt.RobotsTxtMiddleware',
 'scrapy.downloadermiddlewares.httpauth.HttpAuthMiddleware',
 'scrapy.downloadermiddlewares.downloadtimeout.DownloadTimeoutMiddleware',
 'scrapy.downloadermiddlewares.defaultheaders.DefaultHeadersMiddleware',
 'scrapy.downloadermiddlewares.useragent.UserAgentMiddleware',
 'scrapy.downloadermiddlewares.retry.RetryMiddleware',
 'scrapy.downloadermiddlewares.redirect.MetaRefreshMiddleware',
 'scrapy.downloadermiddlewares.httpcompression.HttpCompressionMiddleware',
 'scrapy.downloadermiddlewares.redirect.RedirectMiddleware',
 'scrapy.downloadermiddlewares.cookies.CookiesMiddleware',
 'scrapy.downloadermiddlewares.httpproxy.HttpProxyMiddleware',
 'scrapy.downloadermiddlewares.stats.DownloaderStats']
2019-03-28 13:16:06 [scrapy.middleware] INFO: Enabled spider middlewares:
['scrapy.spidermiddlewares.httperror.HttpErrorMiddleware',
 'scrapy.spidermiddlewares.offsite.OffsiteMiddleware',
 'scrapy.spidermiddlewares.referer.RefererMiddleware',
 'scrapy.spidermiddlewares.urllength.UrlLengthMiddleware',
 'scrapy.spidermiddlewares.depth.DepthMiddleware']
2019-03-28 13:16:06 [scrapy.middleware] INFO: Enabled item pipelines:
[]
2019-03-28 13:16:06 [scrapy.core.engine] INFO: Spider opened
2019-03-28 13:16:06 [scrapy.extensions.logstats] INFO: Crawled 0 pages (at 0 pages/min), scraped 0 items (at 0 items/min)
2019-03-28 13:16:06 [scrapy.extensions.telnet] INFO: Telnet console listening on 127.0.0.1:6023
2019-03-28 13:16:08 [scrapy.core.engine] DEBUG: Crawled (404) <GET https://dps.psx.com.pk/robots.txt> (referer: None)
2019-03-28 13:16:10 [scrapy.core.engine] DEBUG: Crawled (200) <GET https://dps.psx.com.pk/company/HUBC> (referer: None)
2019-03-28 13:16:11 [scrapy.core.engine] DEBUG: Crawled (200) <GET https://dps.psx.com.pk/company/GATI> (referer: None)
2019-03-28 13:16:11 [scrapy.core.engine] DEBUG: Crawled (200) <GET https://dps.psx.com.pk/company/OGDC> (referer: None)
2019-03-28 13:16:11 [scrapy.core.engine] INFO: Closing spider (finished)
2019-03-28 13:16:11 [scrapy.statscollectors] INFO: Dumping Scrapy stats:
{'downloader/request_bytes': 898,
 'downloader/request_count': 4,
 'downloader/request_method_count/GET': 4,
 'downloader/response_bytes': 70671,
 'downloader/response_count': 4,
 'downloader/response_status_count/200': 3,
 'downloader/response_status_count/404': 1,
 'finish_reason': 'finished',
 'finish_time': datetime.datetime(2019, 3, 28, 8, 16, 11, 901709),
 'log_count/DEBUG': 4,
 'log_count/INFO': 9,
 'memusage/max': 57954304,
 'memusage/startup': 57954304,
 'response_received_count': 4,
 'robotstxt/request_count': 1,
 'robotstxt/response_count': 1,
 'robotstxt/response_status_count/404': 1,
 'scheduler/dequeued': 3,
 'scheduler/dequeued/memory': 3,
 'scheduler/enqueued': 3,
 'scheduler/enqueued/memory': 3,
 'start_time': datetime.datetime(2019, 3, 28, 8, 16, 6, 644022)}
2019-03-28 13:16:11 [scrapy.core.engine] INFO: Spider closed (finished)
2019-03-28 13:17:03 [scrapy.utils.log] INFO: Scrapy 1.6.0 started (bot: psx)
2019-03-28 13:17:03 [scrapy.utils.log] INFO: Versions: lxml 4.3.3.0, libxml2 2.9.9, cssselect 1.0.3, parsel 1.5.1, w3lib 1.20.0, Twisted 18.9.0, Python 3.7.0 (v3.7.0:1bf9cc5093, Jun 26 2018, 23:26:24) - [Clang 6.0 (clang-600.0.57)], pyOpenSSL 19.0.0 (OpenSSL 1.1.1b  26 Feb 2019), cryptography 2.6.1, Platform Darwin-18.2.0-x86_64-i386-64bit
2019-03-28 13:17:03 [scrapy.crawler] INFO: Overridden settings: {'BOT_NAME': 'psx', 'NEWSPIDER_MODULE': 'psx.spiders', 'ROBOTSTXT_OBEY': True, 'SPIDER_MODULES': ['psx.spiders']}
2019-03-28 13:17:03 [scrapy.extensions.telnet] INFO: Telnet Password: 0d648a0fe8dc61ac
2019-03-28 13:17:04 [scrapy.middleware] INFO: Enabled extensions:
['scrapy.extensions.corestats.CoreStats',
 'scrapy.extensions.telnet.TelnetConsole',
 'scrapy.extensions.memusage.MemoryUsage',
 'scrapy.extensions.logstats.LogStats']
2019-03-28 13:17:04 [scrapy.middleware] INFO: Enabled downloader middlewares:
['scrapy.downloadermiddlewares.robotstxt.RobotsTxtMiddleware',
 'scrapy.downloadermiddlewares.httpauth.HttpAuthMiddleware',
 'scrapy.downloadermiddlewares.downloadtimeout.DownloadTimeoutMiddleware',
 'scrapy.downloadermiddlewares.defaultheaders.DefaultHeadersMiddleware',
 'scrapy.downloadermiddlewares.useragent.UserAgentMiddleware',
 'scrapy.downloadermiddlewares.retry.RetryMiddleware',
 'scrapy.downloadermiddlewares.redirect.MetaRefreshMiddleware',
 'scrapy.downloadermiddlewares.httpcompression.HttpCompressionMiddleware',
 'scrapy.downloadermiddlewares.redirect.RedirectMiddleware',
 'scrapy.downloadermiddlewares.cookies.CookiesMiddleware',
 'scrapy.downloadermiddlewares.httpproxy.HttpProxyMiddleware',
 'scrapy.downloadermiddlewares.stats.DownloaderStats']
2019-03-28 13:17:04 [scrapy.middleware] INFO: Enabled spider middlewares:
['scrapy.spidermiddlewares.httperror.HttpErrorMiddleware',
 'scrapy.spidermiddlewares.offsite.OffsiteMiddleware',
 'scrapy.spidermiddlewares.referer.RefererMiddleware',
 'scrapy.spidermiddlewares.urllength.UrlLengthMiddleware',
 'scrapy.spidermiddlewares.depth.DepthMiddleware']
2019-03-28 13:17:04 [scrapy.middleware] INFO: Enabled item pipelines:
[]
2019-03-28 13:17:04 [scrapy.core.engine] INFO: Spider opened
2019-03-28 13:17:04 [scrapy.extensions.logstats] INFO: Crawled 0 pages (at 0 pages/min), scraped 0 items (at 0 items/min)
2019-03-28 13:17:04 [scrapy.extensions.telnet] INFO: Telnet console listening on 127.0.0.1:6023
2019-03-28 13:17:05 [scrapy.core.engine] DEBUG: Crawled (404) <GET https://dps.psx.com.pk/robots.txt> (referer: None)
2019-03-28 13:17:07 [scrapy.core.engine] DEBUG: Crawled (200) <GET https://dps.psx.com.pk/company/HUBC> (referer: None)
2019-03-28 13:17:09 [scrapy.core.engine] DEBUG: Crawled (200) <GET https://dps.psx.com.pk/company/GATI> (referer: None)
2019-03-28 13:17:09 [scrapy.core.engine] DEBUG: Crawled (200) <GET https://dps.psx.com.pk/company/OGDC> (referer: None)
2019-03-28 13:17:09 [scrapy.core.engine] INFO: Closing spider (finished)
2019-03-28 13:17:09 [scrapy.statscollectors] INFO: Dumping Scrapy stats:
{'downloader/request_bytes': 898,
 'downloader/request_count': 4,
 'downloader/request_method_count/GET': 4,
 'downloader/response_bytes': 70648,
 'downloader/response_count': 4,
 'downloader/response_status_count/200': 3,
 'downloader/response_status_count/404': 1,
 'finish_reason': 'finished',
 'finish_time': datetime.datetime(2019, 3, 28, 8, 17, 9, 242662),
 'log_count/DEBUG': 4,
 'log_count/INFO': 9,
 'memusage/max': 58023936,
 'memusage/startup': 58023936,
 'response_received_count': 4,
 'robotstxt/request_count': 1,
 'robotstxt/response_count': 1,
 'robotstxt/response_status_count/404': 1,
 'scheduler/dequeued': 3,
 'scheduler/dequeued/memory': 3,
 'scheduler/enqueued': 3,
 'scheduler/enqueued/memory': 3,
 'start_time': datetime.datetime(2019, 3, 28, 8, 17, 4, 43793)}
2019-03-28 13:17:09 [scrapy.core.engine] INFO: Spider closed (finished)
